<?xml version="1.0" encoding="UTF-8"?>
<robot generator="Robot 4.1 (Python 3.9.7 on win32)" generated="20211003 15:14:23.352" rpa="false" schemaversion="2">
<suite id="s1" name="Example" source="C:\Users\marsh\Documents\GitHub\499-Dart-Project\Testing\RobotScripts\example.robot">
<test id="s1-t1" name="My Test">
<kw name="Log" library="BuiltIn">
<arg>${MESSAGE}</arg>
<doc>Logs the given message with the given level.</doc>
<msg timestamp="20211003 15:14:23.370" level="INFO">Hello, world!</msg>
<status status="PASS" starttime="20211003 15:14:23.370" endtime="20211003 15:14:23.370"/>
</kw>
<kw name="Log" library="BuiltIn">
<arg>TESTING</arg>
<doc>Logs the given message with the given level.</doc>
<msg timestamp="20211003 15:14:23.370" level="INFO">TESTING</msg>
<status status="PASS" starttime="20211003 15:14:23.370" endtime="20211003 15:14:23.370"/>
</kw>
<kw name="My Keyword">
<arg>C:\\Users\\marsh\\Documents\\GitHub\\499-Dart-Project\\Testing\\RobotScripts</arg>
<kw name="Directory Should Exist" library="OperatingSystem">
<arg>${path}</arg>
<doc>Fails unless the given path points to an existing directory.</doc>
<msg timestamp="20211003 15:14:23.371" level="INFO" html="true">Directory '&lt;a href="file://C:\Users\marsh\Documents\GitHub\499-Dart-Project\Testing\RobotScripts"&gt;C:\Users\marsh\Documents\GitHub\499-Dart-Project\Testing\RobotScripts&lt;/a&gt;' exists.</msg>
<status status="PASS" starttime="20211003 15:14:23.370" endtime="20211003 15:14:23.371"/>
</kw>
<status status="PASS" starttime="20211003 15:14:23.370" endtime="20211003 15:14:23.371"/>
</kw>
<doc>Example test.</doc>
<status status="PASS" starttime="20211003 15:14:23.369" endtime="20211003 15:14:23.371"/>
</test>
<test id="s1-t2" name="Another Test">
<kw name="Should Be Equal" library="BuiltIn">
<arg>${MESSAGE}</arg>
<arg>Hello, world!</arg>
<doc>Fails if the given objects are unequal.</doc>
<status status="PASS" starttime="20211003 15:14:23.372" endtime="20211003 15:14:23.372"/>
</kw>
<status status="PASS" starttime="20211003 15:14:23.371" endtime="20211003 15:14:23.372"/>
</test>
<doc>Example using the space separated format.</doc>
<status status="PASS" starttime="20211003 15:14:23.352" endtime="20211003 15:14:23.372"/>
</suite>
<statistics>
<total>
<stat pass="2" fail="0" skip="0">All Tests</stat>
</total>
<tag>
</tag>
<suite>
<stat pass="2" fail="0" skip="0" id="s1" name="Example">Example</stat>
</suite>
</statistics>
<errors>
</errors>
</robot>
