<?xml version="1.0" encoding="UTF-8"?>
<robot generator="Robot 4.1 (Python 3.9.7 on win32)" generated="20211003 15:14:23.651" rpa="false" schemaversion="2">
<suite id="s1" name="Test Dartboard" source="C:\Users\marsh\Documents\GitHub\499-Dart-Project\Testing\RobotScripts\test_dartboard.robot">
<test id="s1-t1" name="Test Dartboard">
<kw name="Navigate to Scorekeeper">
<kw name="Open Browser" library="Selenium2Library">
<arg>browser=${browser}</arg>
<arg>executable_path=C:/Users/marsh/AppData/Local/Programs/Python/Python39/chromedriver.exe</arg>
<doc>Opens a new browser instance to the optional ``url``.</doc>
<msg timestamp="20211003 15:14:23.762" level="INFO">Opening browser 'Chrome' to base url 'None'.</msg>
<status status="PASS" starttime="20211003 15:14:23.761" endtime="20211003 15:14:24.856"/>
</kw>
<kw name="Maximize Browser Window" library="Selenium2Library">
<doc>Maximizes current browser window.</doc>
<status status="PASS" starttime="20211003 15:14:24.856" endtime="20211003 15:14:24.970"/>
</kw>
<kw name="Go To" library="Selenium2Library">
<arg>${webpage}</arg>
<doc>Navigates the current browser window to the provided ``url``.</doc>
<msg timestamp="20211003 15:14:24.970" level="INFO">Opening url 'http://192.168.1.179:5010/scorekeeper'</msg>
<status status="PASS" starttime="20211003 15:14:24.970" endtime="20211003 15:14:25.160"/>
</kw>
<status status="PASS" starttime="20211003 15:14:23.761" endtime="20211003 15:14:25.161"/>
</kw>
<kw name="Test Dartboard">
<kw name="Hover Over Each Element">
<kw name="Mouse Over" library="Selenium2Library">
<arg>id=square1</arg>
<doc>Simulates hovering the mouse over the element ``locator``.</doc>
<msg timestamp="20211003 15:14:25.162" level="INFO">Simulating Mouse Over on element 'id=square1'.</msg>
<status status="PASS" starttime="20211003 15:14:25.161" endtime="20211003 15:14:25.441"/>
</kw>
<kw name="Mouse Over" library="Selenium2Library">
<arg>id=square2</arg>
<doc>Simulates hovering the mouse over the element ``locator``.</doc>
<msg timestamp="20211003 15:14:25.441" level="INFO">Simulating Mouse Over on element 'id=square2'.</msg>
<status status="PASS" starttime="20211003 15:14:25.441" endtime="20211003 15:14:25.720"/>
</kw>
<kw name="Mouse Over" library="Selenium2Library">
<arg>id=square3</arg>
<doc>Simulates hovering the mouse over the element ``locator``.</doc>
<msg timestamp="20211003 15:14:25.720" level="INFO">Simulating Mouse Over on element 'id=square3'.</msg>
<status status="PASS" starttime="20211003 15:14:25.720" endtime="20211003 15:14:25.984"/>
</kw>
<kw name="Mouse Over" library="Selenium2Library">
<arg>id=square4</arg>
<doc>Simulates hovering the mouse over the element ``locator``.</doc>
<msg timestamp="20211003 15:14:25.984" level="INFO">Simulating Mouse Over on element 'id=square4'.</msg>
<status status="PASS" starttime="20211003 15:14:25.984" endtime="20211003 15:14:26.250"/>
</kw>
<kw name="Mouse Over" library="Selenium2Library">
<arg>id=square5</arg>
<doc>Simulates hovering the mouse over the element ``locator``.</doc>
<msg timestamp="20211003 15:14:26.250" level="INFO">Simulating Mouse Over on element 'id=square5'.</msg>
<status status="PASS" starttime="20211003 15:14:26.250" endtime="20211003 15:14:26.519"/>
</kw>
<kw name="Mouse Over" library="Selenium2Library">
<arg>id=square6</arg>
<doc>Simulates hovering the mouse over the element ``locator``.</doc>
<msg timestamp="20211003 15:14:26.519" level="INFO">Simulating Mouse Over on element 'id=square6'.</msg>
<status status="PASS" starttime="20211003 15:14:26.519" endtime="20211003 15:14:26.785"/>
</kw>
<kw name="Mouse Over" library="Selenium2Library">
<arg>id=square7</arg>
<doc>Simulates hovering the mouse over the element ``locator``.</doc>
<msg timestamp="20211003 15:14:26.785" level="INFO">Simulating Mouse Over on element 'id=square7'.</msg>
<status status="PASS" starttime="20211003 15:14:26.785" endtime="20211003 15:14:27.052"/>
</kw>
<kw name="Mouse Over" library="Selenium2Library">
<arg>id=square8</arg>
<doc>Simulates hovering the mouse over the element ``locator``.</doc>
<msg timestamp="20211003 15:14:27.052" level="INFO">Simulating Mouse Over on element 'id=square8'.</msg>
<status status="PASS" starttime="20211003 15:14:27.052" endtime="20211003 15:14:27.322"/>
</kw>
<kw name="Mouse Over" library="Selenium2Library">
<arg>id=square9</arg>
<doc>Simulates hovering the mouse over the element ``locator``.</doc>
<msg timestamp="20211003 15:14:27.322" level="INFO">Simulating Mouse Over on element 'id=square9'.</msg>
<status status="PASS" starttime="20211003 15:14:27.322" endtime="20211003 15:14:27.590"/>
</kw>
<kw name="Mouse Over" library="Selenium2Library">
<arg>id=square10</arg>
<doc>Simulates hovering the mouse over the element ``locator``.</doc>
<msg timestamp="20211003 15:14:27.590" level="INFO">Simulating Mouse Over on element 'id=square10'.</msg>
<status status="PASS" starttime="20211003 15:14:27.590" endtime="20211003 15:14:27.861"/>
</kw>
<kw name="Mouse Over" library="Selenium2Library">
<arg>id=square11</arg>
<doc>Simulates hovering the mouse over the element ``locator``.</doc>
<msg timestamp="20211003 15:14:27.861" level="INFO">Simulating Mouse Over on element 'id=square11'.</msg>
<status status="PASS" starttime="20211003 15:14:27.861" endtime="20211003 15:14:28.129"/>
</kw>
<kw name="Mouse Over" library="Selenium2Library">
<arg>id=square12</arg>
<doc>Simulates hovering the mouse over the element ``locator``.</doc>
<msg timestamp="20211003 15:14:28.130" level="INFO">Simulating Mouse Over on element 'id=square12'.</msg>
<status status="PASS" starttime="20211003 15:14:28.130" endtime="20211003 15:14:28.397"/>
</kw>
<kw name="Mouse Over" library="Selenium2Library">
<arg>id=square13</arg>
<doc>Simulates hovering the mouse over the element ``locator``.</doc>
<msg timestamp="20211003 15:14:28.397" level="INFO">Simulating Mouse Over on element 'id=square13'.</msg>
<status status="PASS" starttime="20211003 15:14:28.397" endtime="20211003 15:14:28.663"/>
</kw>
<kw name="Mouse Over" library="Selenium2Library">
<arg>id=square14</arg>
<doc>Simulates hovering the mouse over the element ``locator``.</doc>
<msg timestamp="20211003 15:14:28.664" level="INFO">Simulating Mouse Over on element 'id=square14'.</msg>
<status status="PASS" starttime="20211003 15:14:28.664" endtime="20211003 15:14:28.934"/>
</kw>
<kw name="Mouse Over" library="Selenium2Library">
<arg>id=square15</arg>
<doc>Simulates hovering the mouse over the element ``locator``.</doc>
<msg timestamp="20211003 15:14:28.934" level="INFO">Simulating Mouse Over on element 'id=square15'.</msg>
<status status="PASS" starttime="20211003 15:14:28.934" endtime="20211003 15:14:29.694"/>
</kw>
<kw name="Mouse Over" library="Selenium2Library">
<arg>id=square16</arg>
<doc>Simulates hovering the mouse over the element ``locator``.</doc>
<msg timestamp="20211003 15:14:29.694" level="INFO">Simulating Mouse Over on element 'id=square16'.</msg>
<status status="PASS" starttime="20211003 15:14:29.694" endtime="20211003 15:14:29.959"/>
</kw>
<kw name="Mouse Over" library="Selenium2Library">
<arg>id=square17</arg>
<doc>Simulates hovering the mouse over the element ``locator``.</doc>
<msg timestamp="20211003 15:14:29.960" level="INFO">Simulating Mouse Over on element 'id=square17'.</msg>
<status status="PASS" starttime="20211003 15:14:29.959" endtime="20211003 15:14:30.241"/>
</kw>
<kw name="Mouse Over" library="Selenium2Library">
<arg>id=square18</arg>
<doc>Simulates hovering the mouse over the element ``locator``.</doc>
<msg timestamp="20211003 15:14:30.241" level="INFO">Simulating Mouse Over on element 'id=square18'.</msg>
<status status="PASS" starttime="20211003 15:14:30.241" endtime="20211003 15:14:30.520"/>
</kw>
<kw name="Mouse Over" library="Selenium2Library">
<arg>id=square19</arg>
<doc>Simulates hovering the mouse over the element ``locator``.</doc>
<msg timestamp="20211003 15:14:30.520" level="INFO">Simulating Mouse Over on element 'id=square19'.</msg>
<status status="PASS" starttime="20211003 15:14:30.520" endtime="20211003 15:14:30.798"/>
</kw>
<kw name="Mouse Over" library="Selenium2Library">
<arg>id=square20</arg>
<doc>Simulates hovering the mouse over the element ``locator``.</doc>
<msg timestamp="20211003 15:14:30.799" level="INFO">Simulating Mouse Over on element 'id=square20'.</msg>
<status status="PASS" starttime="20211003 15:14:30.798" endtime="20211003 15:14:31.064"/>
</kw>
<kw name="Mouse Over" library="Selenium2Library">
<arg>id=square21</arg>
<doc>Simulates hovering the mouse over the element ``locator``.</doc>
<msg timestamp="20211003 15:14:31.064" level="INFO">Simulating Mouse Over on element 'id=square21'.</msg>
<status status="PASS" starttime="20211003 15:14:31.064" endtime="20211003 15:14:31.329"/>
</kw>
<kw name="Mouse Over" library="Selenium2Library">
<arg>id=square22</arg>
<doc>Simulates hovering the mouse over the element ``locator``.</doc>
<msg timestamp="20211003 15:14:31.329" level="INFO">Simulating Mouse Over on element 'id=square22'.</msg>
<status status="PASS" starttime="20211003 15:14:31.329" endtime="20211003 15:14:31.609"/>
</kw>
<kw name="Mouse Over" library="Selenium2Library">
<arg>id=square23</arg>
<doc>Simulates hovering the mouse over the element ``locator``.</doc>
<msg timestamp="20211003 15:14:31.609" level="INFO">Simulating Mouse Over on element 'id=square23'.</msg>
<status status="PASS" starttime="20211003 15:14:31.609" endtime="20211003 15:14:31.887"/>
</kw>
<kw name="Mouse Over" library="Selenium2Library">
<arg>id=square24</arg>
<doc>Simulates hovering the mouse over the element ``locator``.</doc>
<msg timestamp="20211003 15:14:31.887" level="INFO">Simulating Mouse Over on element 'id=square24'.</msg>
<status status="PASS" starttime="20211003 15:14:31.887" endtime="20211003 15:14:32.165"/>
</kw>
<kw name="Mouse Over" library="Selenium2Library">
<arg>id=square25</arg>
<doc>Simulates hovering the mouse over the element ``locator``.</doc>
<msg timestamp="20211003 15:14:32.165" level="INFO">Simulating Mouse Over on element 'id=square25'.</msg>
<status status="PASS" starttime="20211003 15:14:32.165" endtime="20211003 15:14:32.431"/>
</kw>
<kw name="Mouse Over" library="Selenium2Library">
<arg>id=square26</arg>
<doc>Simulates hovering the mouse over the element ``locator``.</doc>
<msg timestamp="20211003 15:14:32.431" level="INFO">Simulating Mouse Over on element 'id=square26'.</msg>
<status status="PASS" starttime="20211003 15:14:32.431" endtime="20211003 15:14:32.696"/>
</kw>
<kw name="Mouse Over" library="Selenium2Library">
<arg>id=square27</arg>
<doc>Simulates hovering the mouse over the element ``locator``.</doc>
<msg timestamp="20211003 15:14:32.696" level="INFO">Simulating Mouse Over on element 'id=square27'.</msg>
<status status="PASS" starttime="20211003 15:14:32.696" endtime="20211003 15:14:32.959"/>
</kw>
<kw name="Mouse Over" library="Selenium2Library">
<arg>id=square28</arg>
<doc>Simulates hovering the mouse over the element ``locator``.</doc>
<msg timestamp="20211003 15:14:32.959" level="INFO">Simulating Mouse Over on element 'id=square28'.</msg>
<status status="PASS" starttime="20211003 15:14:32.959" endtime="20211003 15:14:33.223"/>
</kw>
<kw name="Mouse Over" library="Selenium2Library">
<arg>id=square29</arg>
<doc>Simulates hovering the mouse over the element ``locator``.</doc>
<msg timestamp="20211003 15:14:33.223" level="INFO">Simulating Mouse Over on element 'id=square29'.</msg>
<status status="PASS" starttime="20211003 15:14:33.223" endtime="20211003 15:14:33.487"/>
</kw>
<kw name="Mouse Over" library="Selenium2Library">
<arg>id=square30</arg>
<doc>Simulates hovering the mouse over the element ``locator``.</doc>
<msg timestamp="20211003 15:14:33.487" level="INFO">Simulating Mouse Over on element 'id=square30'.</msg>
<status status="PASS" starttime="20211003 15:14:33.487" endtime="20211003 15:14:33.759"/>
</kw>
<kw name="Mouse Over" library="Selenium2Library">
<arg>id=square31</arg>
<doc>Simulates hovering the mouse over the element ``locator``.</doc>
<msg timestamp="20211003 15:14:33.759" level="INFO">Simulating Mouse Over on element 'id=square31'.</msg>
<status status="PASS" starttime="20211003 15:14:33.759" endtime="20211003 15:14:34.023"/>
</kw>
<kw name="Mouse Over" library="Selenium2Library">
<arg>id=square32</arg>
<doc>Simulates hovering the mouse over the element ``locator``.</doc>
<msg timestamp="20211003 15:14:34.023" level="INFO">Simulating Mouse Over on element 'id=square32'.</msg>
<status status="PASS" starttime="20211003 15:14:34.023" endtime="20211003 15:14:34.301"/>
</kw>
<kw name="Mouse Over" library="Selenium2Library">
<arg>id=square33</arg>
<doc>Simulates hovering the mouse over the element ``locator``.</doc>
<msg timestamp="20211003 15:14:34.301" level="INFO">Simulating Mouse Over on element 'id=square33'.</msg>
<status status="PASS" starttime="20211003 15:14:34.301" endtime="20211003 15:14:34.581"/>
</kw>
<kw name="Mouse Over" library="Selenium2Library">
<arg>id=square34</arg>
<doc>Simulates hovering the mouse over the element ``locator``.</doc>
<msg timestamp="20211003 15:14:34.581" level="INFO">Simulating Mouse Over on element 'id=square34'.</msg>
<status status="PASS" starttime="20211003 15:14:34.581" endtime="20211003 15:14:34.845"/>
</kw>
<kw name="Mouse Over" library="Selenium2Library">
<arg>id=square35</arg>
<doc>Simulates hovering the mouse over the element ``locator``.</doc>
<msg timestamp="20211003 15:14:34.845" level="INFO">Simulating Mouse Over on element 'id=square35'.</msg>
<status status="PASS" starttime="20211003 15:14:34.845" endtime="20211003 15:14:35.112"/>
</kw>
<kw name="Mouse Over" library="Selenium2Library">
<arg>id=square36</arg>
<doc>Simulates hovering the mouse over the element ``locator``.</doc>
<msg timestamp="20211003 15:14:35.112" level="INFO">Simulating Mouse Over on element 'id=square36'.</msg>
<status status="PASS" starttime="20211003 15:14:35.112" endtime="20211003 15:14:35.391"/>
</kw>
<kw name="Mouse Over" library="Selenium2Library">
<arg>id=square37</arg>
<doc>Simulates hovering the mouse over the element ``locator``.</doc>
<msg timestamp="20211003 15:14:35.392" level="INFO">Simulating Mouse Over on element 'id=square37'.</msg>
<status status="PASS" starttime="20211003 15:14:35.391" endtime="20211003 15:14:35.655"/>
</kw>
<kw name="Mouse Over" library="Selenium2Library">
<arg>id=square38</arg>
<doc>Simulates hovering the mouse over the element ``locator``.</doc>
<msg timestamp="20211003 15:14:35.655" level="INFO">Simulating Mouse Over on element 'id=square38'.</msg>
<status status="PASS" starttime="20211003 15:14:35.655" endtime="20211003 15:14:35.933"/>
</kw>
<kw name="Mouse Over" library="Selenium2Library">
<arg>id=square39</arg>
<doc>Simulates hovering the mouse over the element ``locator``.</doc>
<msg timestamp="20211003 15:14:35.933" level="INFO">Simulating Mouse Over on element 'id=square39'.</msg>
<status status="PASS" starttime="20211003 15:14:35.933" endtime="20211003 15:14:36.203"/>
</kw>
<kw name="Mouse Over" library="Selenium2Library">
<arg>id=square40</arg>
<doc>Simulates hovering the mouse over the element ``locator``.</doc>
<msg timestamp="20211003 15:14:36.203" level="INFO">Simulating Mouse Over on element 'id=square40'.</msg>
<status status="PASS" starttime="20211003 15:14:36.203" endtime="20211003 15:14:36.467"/>
</kw>
<kw name="Mouse Over" library="Selenium2Library">
<arg>id=square41</arg>
<doc>Simulates hovering the mouse over the element ``locator``.</doc>
<msg timestamp="20211003 15:14:36.467" level="INFO">Simulating Mouse Over on element 'id=square41'.</msg>
<status status="PASS" starttime="20211003 15:14:36.467" endtime="20211003 15:14:36.745"/>
</kw>
<kw name="Mouse Over" library="Selenium2Library">
<arg>id=square42</arg>
<doc>Simulates hovering the mouse over the element ``locator``.</doc>
<msg timestamp="20211003 15:14:36.745" level="INFO">Simulating Mouse Over on element 'id=square42'.</msg>
<status status="PASS" starttime="20211003 15:14:36.745" endtime="20211003 15:14:37.023"/>
</kw>
<kw name="Mouse Over" library="Selenium2Library">
<arg>id=square43</arg>
<doc>Simulates hovering the mouse over the element ``locator``.</doc>
<msg timestamp="20211003 15:14:37.023" level="INFO">Simulating Mouse Over on element 'id=square43'.</msg>
<status status="PASS" starttime="20211003 15:14:37.023" endtime="20211003 15:14:37.302"/>
</kw>
<kw name="Mouse Over" library="Selenium2Library">
<arg>id=square44</arg>
<doc>Simulates hovering the mouse over the element ``locator``.</doc>
<msg timestamp="20211003 15:14:37.302" level="INFO">Simulating Mouse Over on element 'id=square44'.</msg>
<status status="PASS" starttime="20211003 15:14:37.302" endtime="20211003 15:14:37.567"/>
</kw>
<kw name="Mouse Over" library="Selenium2Library">
<arg>id=square45</arg>
<doc>Simulates hovering the mouse over the element ``locator``.</doc>
<msg timestamp="20211003 15:14:37.567" level="INFO">Simulating Mouse Over on element 'id=square45'.</msg>
<status status="PASS" starttime="20211003 15:14:37.567" endtime="20211003 15:14:37.844"/>
</kw>
<kw name="Mouse Over" library="Selenium2Library">
<arg>id=square46</arg>
<doc>Simulates hovering the mouse over the element ``locator``.</doc>
<msg timestamp="20211003 15:14:37.844" level="INFO">Simulating Mouse Over on element 'id=square46'.</msg>
<status status="PASS" starttime="20211003 15:14:37.844" endtime="20211003 15:14:38.121"/>
</kw>
<kw name="Mouse Over" library="Selenium2Library">
<arg>id=square47</arg>
<doc>Simulates hovering the mouse over the element ``locator``.</doc>
<msg timestamp="20211003 15:14:38.121" level="INFO">Simulating Mouse Over on element 'id=square47'.</msg>
<status status="PASS" starttime="20211003 15:14:38.121" endtime="20211003 15:14:38.400"/>
</kw>
<kw name="Mouse Over" library="Selenium2Library">
<arg>id=square48</arg>
<doc>Simulates hovering the mouse over the element ``locator``.</doc>
<msg timestamp="20211003 15:14:38.401" level="INFO">Simulating Mouse Over on element 'id=square48'.</msg>
<status status="PASS" starttime="20211003 15:14:38.401" endtime="20211003 15:14:38.666"/>
</kw>
<kw name="Mouse Over" library="Selenium2Library">
<arg>id=square49</arg>
<doc>Simulates hovering the mouse over the element ``locator``.</doc>
<msg timestamp="20211003 15:14:38.668" level="INFO">Simulating Mouse Over on element 'id=square49'.</msg>
<status status="PASS" starttime="20211003 15:14:38.668" endtime="20211003 15:14:38.946"/>
</kw>
<kw name="Mouse Over" library="Selenium2Library">
<arg>id=square50</arg>
<doc>Simulates hovering the mouse over the element ``locator``.</doc>
<msg timestamp="20211003 15:14:38.946" level="INFO">Simulating Mouse Over on element 'id=square50'.</msg>
<status status="PASS" starttime="20211003 15:14:38.946" endtime="20211003 15:14:39.223"/>
</kw>
<kw name="Mouse Over" library="Selenium2Library">
<arg>id=square51</arg>
<doc>Simulates hovering the mouse over the element ``locator``.</doc>
<msg timestamp="20211003 15:14:39.224" level="INFO">Simulating Mouse Over on element 'id=square51'.</msg>
<status status="PASS" starttime="20211003 15:14:39.224" endtime="20211003 15:14:39.504"/>
</kw>
<kw name="Mouse Over" library="Selenium2Library">
<arg>id=square52</arg>
<doc>Simulates hovering the mouse over the element ``locator``.</doc>
<msg timestamp="20211003 15:14:39.504" level="INFO">Simulating Mouse Over on element 'id=square52'.</msg>
<status status="PASS" starttime="20211003 15:14:39.504" endtime="20211003 15:14:39.771"/>
</kw>
<kw name="Mouse Over" library="Selenium2Library">
<arg>id=square53</arg>
<doc>Simulates hovering the mouse over the element ``locator``.</doc>
<msg timestamp="20211003 15:14:39.772" level="INFO">Simulating Mouse Over on element 'id=square53'.</msg>
<status status="PASS" starttime="20211003 15:14:39.772" endtime="20211003 15:14:40.036"/>
</kw>
<kw name="Mouse Over" library="Selenium2Library">
<arg>id=square54</arg>
<doc>Simulates hovering the mouse over the element ``locator``.</doc>
<msg timestamp="20211003 15:14:40.037" level="INFO">Simulating Mouse Over on element 'id=square54'.</msg>
<status status="PASS" starttime="20211003 15:14:40.036" endtime="20211003 15:14:40.315"/>
</kw>
<kw name="Mouse Over" library="Selenium2Library">
<arg>id=square55</arg>
<doc>Simulates hovering the mouse over the element ``locator``.</doc>
<msg timestamp="20211003 15:14:40.315" level="INFO">Simulating Mouse Over on element 'id=square55'.</msg>
<status status="PASS" starttime="20211003 15:14:40.315" endtime="20211003 15:14:40.578"/>
</kw>
<kw name="Mouse Over" library="Selenium2Library">
<arg>id=square56</arg>
<doc>Simulates hovering the mouse over the element ``locator``.</doc>
<msg timestamp="20211003 15:14:40.578" level="INFO">Simulating Mouse Over on element 'id=square56'.</msg>
<status status="PASS" starttime="20211003 15:14:40.578" endtime="20211003 15:14:40.842"/>
</kw>
<kw name="Mouse Over" library="Selenium2Library">
<arg>id=square57</arg>
<doc>Simulates hovering the mouse over the element ``locator``.</doc>
<msg timestamp="20211003 15:14:40.843" level="INFO">Simulating Mouse Over on element 'id=square57'.</msg>
<status status="PASS" starttime="20211003 15:14:40.842" endtime="20211003 15:14:41.112"/>
</kw>
<kw name="Mouse Over" library="Selenium2Library">
<arg>id=square58</arg>
<doc>Simulates hovering the mouse over the element ``locator``.</doc>
<msg timestamp="20211003 15:14:41.112" level="INFO">Simulating Mouse Over on element 'id=square58'.</msg>
<status status="PASS" starttime="20211003 15:14:41.112" endtime="20211003 15:14:41.388"/>
</kw>
<kw name="Mouse Over" library="Selenium2Library">
<arg>id=square59</arg>
<doc>Simulates hovering the mouse over the element ``locator``.</doc>
<msg timestamp="20211003 15:14:41.388" level="INFO">Simulating Mouse Over on element 'id=square59'.</msg>
<status status="PASS" starttime="20211003 15:14:41.388" endtime="20211003 15:14:41.652"/>
</kw>
<kw name="Mouse Over" library="Selenium2Library">
<arg>id=square60</arg>
<doc>Simulates hovering the mouse over the element ``locator``.</doc>
<msg timestamp="20211003 15:14:41.652" level="INFO">Simulating Mouse Over on element 'id=square60'.</msg>
<status status="PASS" starttime="20211003 15:14:41.652" endtime="20211003 15:14:41.931"/>
</kw>
<kw name="Mouse Over" library="Selenium2Library">
<arg>id=square61</arg>
<doc>Simulates hovering the mouse over the element ``locator``.</doc>
<msg timestamp="20211003 15:14:41.932" level="INFO">Simulating Mouse Over on element 'id=square61'.</msg>
<status status="PASS" starttime="20211003 15:14:41.931" endtime="20211003 15:14:42.200"/>
</kw>
<kw name="Mouse Over" library="Selenium2Library">
<arg>id=square62</arg>
<doc>Simulates hovering the mouse over the element ``locator``.</doc>
<msg timestamp="20211003 15:14:42.200" level="INFO">Simulating Mouse Over on element 'id=square62'.</msg>
<status status="PASS" starttime="20211003 15:14:42.200" endtime="20211003 15:14:42.479"/>
</kw>
<kw name="Mouse Over" library="Selenium2Library">
<arg>id=square63</arg>
<doc>Simulates hovering the mouse over the element ``locator``.</doc>
<msg timestamp="20211003 15:14:42.479" level="INFO">Simulating Mouse Over on element 'id=square63'.</msg>
<status status="PASS" starttime="20211003 15:14:42.479" endtime="20211003 15:14:42.757"/>
</kw>
<kw name="Mouse Over" library="Selenium2Library">
<arg>id=square64</arg>
<doc>Simulates hovering the mouse over the element ``locator``.</doc>
<msg timestamp="20211003 15:14:42.757" level="INFO">Simulating Mouse Over on element 'id=square64'.</msg>
<status status="PASS" starttime="20211003 15:14:42.757" endtime="20211003 15:14:43.035"/>
</kw>
<kw name="Mouse Over" library="Selenium2Library">
<arg>id=square65</arg>
<doc>Simulates hovering the mouse over the element ``locator``.</doc>
<msg timestamp="20211003 15:14:43.036" level="INFO">Simulating Mouse Over on element 'id=square65'.</msg>
<status status="PASS" starttime="20211003 15:14:43.035" endtime="20211003 15:14:43.300"/>
</kw>
<kw name="Mouse Over" library="Selenium2Library">
<arg>id=square66</arg>
<doc>Simulates hovering the mouse over the element ``locator``.</doc>
<msg timestamp="20211003 15:14:43.301" level="INFO">Simulating Mouse Over on element 'id=square66'.</msg>
<status status="PASS" starttime="20211003 15:14:43.300" endtime="20211003 15:14:43.567"/>
</kw>
<kw name="Mouse Over" library="Selenium2Library">
<arg>id=square67</arg>
<doc>Simulates hovering the mouse over the element ``locator``.</doc>
<msg timestamp="20211003 15:14:43.568" level="INFO">Simulating Mouse Over on element 'id=square67'.</msg>
<status status="PASS" starttime="20211003 15:14:43.567" endtime="20211003 15:14:43.832"/>
</kw>
<kw name="Mouse Over" library="Selenium2Library">
<arg>id=square68</arg>
<doc>Simulates hovering the mouse over the element ``locator``.</doc>
<msg timestamp="20211003 15:14:43.833" level="INFO">Simulating Mouse Over on element 'id=square68'.</msg>
<status status="PASS" starttime="20211003 15:14:43.832" endtime="20211003 15:14:44.112"/>
</kw>
<kw name="Mouse Over" library="Selenium2Library">
<arg>id=square69</arg>
<doc>Simulates hovering the mouse over the element ``locator``.</doc>
<msg timestamp="20211003 15:14:44.112" level="INFO">Simulating Mouse Over on element 'id=square69'.</msg>
<status status="PASS" starttime="20211003 15:14:44.112" endtime="20211003 15:14:44.389"/>
</kw>
<kw name="Mouse Over" library="Selenium2Library">
<arg>id=square70</arg>
<doc>Simulates hovering the mouse over the element ``locator``.</doc>
<msg timestamp="20211003 15:14:44.389" level="INFO">Simulating Mouse Over on element 'id=square70'.</msg>
<status status="PASS" starttime="20211003 15:14:44.389" endtime="20211003 15:14:44.658"/>
</kw>
<kw name="Mouse Over" library="Selenium2Library">
<arg>id=square71</arg>
<doc>Simulates hovering the mouse over the element ``locator``.</doc>
<msg timestamp="20211003 15:14:44.658" level="INFO">Simulating Mouse Over on element 'id=square71'.</msg>
<status status="PASS" starttime="20211003 15:14:44.658" endtime="20211003 15:14:44.935"/>
</kw>
<kw name="Mouse Over" library="Selenium2Library">
<arg>id=square72</arg>
<doc>Simulates hovering the mouse over the element ``locator``.</doc>
<msg timestamp="20211003 15:14:44.935" level="INFO">Simulating Mouse Over on element 'id=square72'.</msg>
<status status="PASS" starttime="20211003 15:14:44.935" endtime="20211003 15:14:45.213"/>
</kw>
<kw name="Mouse Over" library="Selenium2Library">
<arg>id=square73</arg>
<doc>Simulates hovering the mouse over the element ``locator``.</doc>
<msg timestamp="20211003 15:14:45.214" level="INFO">Simulating Mouse Over on element 'id=square73'.</msg>
<status status="PASS" starttime="20211003 15:14:45.214" endtime="20211003 15:14:45.491"/>
</kw>
<kw name="Mouse Over" library="Selenium2Library">
<arg>id=square74</arg>
<doc>Simulates hovering the mouse over the element ``locator``.</doc>
<msg timestamp="20211003 15:14:45.491" level="INFO">Simulating Mouse Over on element 'id=square74'.</msg>
<status status="PASS" starttime="20211003 15:14:45.491" endtime="20211003 15:14:45.770"/>
</kw>
<kw name="Mouse Over" library="Selenium2Library">
<arg>id=square75</arg>
<doc>Simulates hovering the mouse over the element ``locator``.</doc>
<msg timestamp="20211003 15:14:45.770" level="INFO">Simulating Mouse Over on element 'id=square75'.</msg>
<status status="PASS" starttime="20211003 15:14:45.770" endtime="20211003 15:14:46.037"/>
</kw>
<kw name="Mouse Over" library="Selenium2Library">
<arg>id=square76</arg>
<doc>Simulates hovering the mouse over the element ``locator``.</doc>
<msg timestamp="20211003 15:14:46.037" level="INFO">Simulating Mouse Over on element 'id=square76'.</msg>
<status status="PASS" starttime="20211003 15:14:46.037" endtime="20211003 15:14:46.316"/>
</kw>
<kw name="Mouse Over" library="Selenium2Library">
<arg>id=square77</arg>
<doc>Simulates hovering the mouse over the element ``locator``.</doc>
<msg timestamp="20211003 15:14:46.316" level="INFO">Simulating Mouse Over on element 'id=square77'.</msg>
<status status="PASS" starttime="20211003 15:14:46.316" endtime="20211003 15:14:46.581"/>
</kw>
<kw name="Mouse Over" library="Selenium2Library">
<arg>id=square78</arg>
<doc>Simulates hovering the mouse over the element ``locator``.</doc>
<msg timestamp="20211003 15:14:46.581" level="INFO">Simulating Mouse Over on element 'id=square78'.</msg>
<status status="PASS" starttime="20211003 15:14:46.581" endtime="20211003 15:14:46.860"/>
</kw>
<kw name="Mouse Over" library="Selenium2Library">
<arg>id=square79</arg>
<doc>Simulates hovering the mouse over the element ``locator``.</doc>
<msg timestamp="20211003 15:14:46.860" level="INFO">Simulating Mouse Over on element 'id=square79'.</msg>
<status status="PASS" starttime="20211003 15:14:46.860" endtime="20211003 15:14:47.129"/>
</kw>
<kw name="Mouse Over" library="Selenium2Library">
<arg>id=square80</arg>
<doc>Simulates hovering the mouse over the element ``locator``.</doc>
<msg timestamp="20211003 15:14:47.129" level="INFO">Simulating Mouse Over on element 'id=square80'.</msg>
<status status="PASS" starttime="20211003 15:14:47.129" endtime="20211003 15:14:47.393"/>
</kw>
<kw name="Mouse Over" library="Selenium2Library">
<arg>id=square81</arg>
<doc>Simulates hovering the mouse over the element ``locator``.</doc>
<msg timestamp="20211003 15:14:47.393" level="INFO">Simulating Mouse Over on element 'id=square81'.</msg>
<status status="PASS" starttime="20211003 15:14:47.393" endtime="20211003 15:14:47.673"/>
</kw>
<kw name="Mouse Over" library="Selenium2Library">
<arg>id=square82</arg>
<doc>Simulates hovering the mouse over the element ``locator``.</doc>
<msg timestamp="20211003 15:14:47.673" level="INFO">Simulating Mouse Over on element 'id=square82'.</msg>
<status status="PASS" starttime="20211003 15:14:47.673" endtime="20211003 15:14:47.951"/>
</kw>
<status status="PASS" starttime="20211003 15:14:25.161" endtime="20211003 15:14:47.951"/>
</kw>
<kw name="Click Each Element">
<kw name="Click Element" library="Selenium2Library">
<arg>id=square1</arg>
<doc>Click the element identified by ``locator``.</doc>
<msg timestamp="20211003 15:14:47.952" level="INFO">Clicking element 'id=square1'.</msg>
<status status="PASS" starttime="20211003 15:14:47.952" endtime="20211003 15:14:47.980"/>
</kw>
<kw name="Click Element At Coordinates" library="Selenium2Library">
<arg>id=square1</arg>
<arg>0</arg>
<arg>-4</arg>
<doc>Click the element ``locator`` at ``xoffset/yoffset``.</doc>
<msg timestamp="20211003 15:14:47.980" level="INFO">Clicking element 'id=square1' at coordinates x=0, y=-4.</msg>
<status status="PASS" starttime="20211003 15:14:47.980" endtime="20211003 15:14:48.519"/>
</kw>
<kw name="Click Element" library="Selenium2Library">
<arg>id=square3</arg>
<doc>Click the element identified by ``locator``.</doc>
<msg timestamp="20211003 15:14:48.519" level="INFO">Clicking element 'id=square3'.</msg>
<status status="PASS" starttime="20211003 15:14:48.519" endtime="20211003 15:14:48.539"/>
</kw>
<kw name="Click Element" library="Selenium2Library">
<arg>id=square4</arg>
<doc>Click the element identified by ``locator``.</doc>
<msg timestamp="20211003 15:14:48.539" level="INFO">Clicking element 'id=square4'.</msg>
<status status="PASS" starttime="20211003 15:14:48.539" endtime="20211003 15:14:48.561"/>
</kw>
<kw name="Click Element" library="Selenium2Library">
<arg>id=square5</arg>
<doc>Click the element identified by ``locator``.</doc>
<msg timestamp="20211003 15:14:48.561" level="INFO">Clicking element 'id=square5'.</msg>
<status status="PASS" starttime="20211003 15:14:48.561" endtime="20211003 15:14:48.582"/>
</kw>
<kw name="Click Element" library="Selenium2Library">
<arg>id=square6</arg>
<doc>Click the element identified by ``locator``.</doc>
<msg timestamp="20211003 15:14:48.583" level="INFO">Clicking element 'id=square6'.</msg>
<status status="PASS" starttime="20211003 15:14:48.582" endtime="20211003 15:14:48.602"/>
</kw>
<kw name="Click Element" library="Selenium2Library">
<arg>id=square7</arg>
<doc>Click the element identified by ``locator``.</doc>
<msg timestamp="20211003 15:14:48.603" level="INFO">Clicking element 'id=square7'.</msg>
<status status="PASS" starttime="20211003 15:14:48.603" endtime="20211003 15:14:48.623"/>
</kw>
<kw name="Click Element" library="Selenium2Library">
<arg>id=square8</arg>
<doc>Click the element identified by ``locator``.</doc>
<msg timestamp="20211003 15:14:48.624" level="INFO">Clicking element 'id=square8'.</msg>
<status status="PASS" starttime="20211003 15:14:48.624" endtime="20211003 15:14:48.645"/>
</kw>
<kw name="Click Element" library="Selenium2Library">
<arg>id=square9</arg>
<doc>Click the element identified by ``locator``.</doc>
<msg timestamp="20211003 15:14:48.645" level="INFO">Clicking element 'id=square9'.</msg>
<status status="PASS" starttime="20211003 15:14:48.645" endtime="20211003 15:14:48.667"/>
</kw>
<kw name="Click Element" library="Selenium2Library">
<arg>id=square10</arg>
<doc>Click the element identified by ``locator``.</doc>
<msg timestamp="20211003 15:14:48.668" level="INFO">Clicking element 'id=square10'.</msg>
<status status="PASS" starttime="20211003 15:14:48.668" endtime="20211003 15:14:48.689"/>
</kw>
<kw name="Click Element" library="Selenium2Library">
<arg>id=square11</arg>
<doc>Click the element identified by ``locator``.</doc>
<msg timestamp="20211003 15:14:48.689" level="INFO">Clicking element 'id=square11'.</msg>
<status status="PASS" starttime="20211003 15:14:48.689" endtime="20211003 15:14:48.712"/>
</kw>
<kw name="Click Element" library="Selenium2Library">
<arg>id=square12</arg>
<doc>Click the element identified by ``locator``.</doc>
<msg timestamp="20211003 15:14:48.712" level="INFO">Clicking element 'id=square12'.</msg>
<status status="PASS" starttime="20211003 15:14:48.712" endtime="20211003 15:14:48.733"/>
</kw>
<kw name="Click Element" library="Selenium2Library">
<arg>id=square13</arg>
<doc>Click the element identified by ``locator``.</doc>
<msg timestamp="20211003 15:14:48.733" level="INFO">Clicking element 'id=square13'.</msg>
<status status="PASS" starttime="20211003 15:14:48.733" endtime="20211003 15:14:48.755"/>
</kw>
<kw name="Click Element" library="Selenium2Library">
<arg>id=square14</arg>
<doc>Click the element identified by ``locator``.</doc>
<msg timestamp="20211003 15:14:48.755" level="INFO">Clicking element 'id=square14'.</msg>
<status status="PASS" starttime="20211003 15:14:48.755" endtime="20211003 15:14:48.776"/>
</kw>
<kw name="Click Element" library="Selenium2Library">
<arg>id=square15</arg>
<doc>Click the element identified by ``locator``.</doc>
<msg timestamp="20211003 15:14:48.776" level="INFO">Clicking element 'id=square15'.</msg>
<status status="PASS" starttime="20211003 15:14:48.776" endtime="20211003 15:14:48.798"/>
</kw>
<kw name="Click Element" library="Selenium2Library">
<arg>id=square16</arg>
<doc>Click the element identified by ``locator``.</doc>
<msg timestamp="20211003 15:14:48.799" level="INFO">Clicking element 'id=square16'.</msg>
<status status="PASS" starttime="20211003 15:14:48.799" endtime="20211003 15:14:48.820"/>
</kw>
<kw name="Click Element" library="Selenium2Library">
<arg>id=square17</arg>
<doc>Click the element identified by ``locator``.</doc>
<msg timestamp="20211003 15:14:48.820" level="INFO">Clicking element 'id=square17'.</msg>
<status status="PASS" starttime="20211003 15:14:48.820" endtime="20211003 15:14:48.841"/>
</kw>
<kw name="Click Element" library="Selenium2Library">
<arg>id=square18</arg>
<doc>Click the element identified by ``locator``.</doc>
<msg timestamp="20211003 15:14:48.841" level="INFO">Clicking element 'id=square18'.</msg>
<status status="PASS" starttime="20211003 15:14:48.841" endtime="20211003 15:14:48.862"/>
</kw>
<kw name="Click Element" library="Selenium2Library">
<arg>id=square19</arg>
<doc>Click the element identified by ``locator``.</doc>
<msg timestamp="20211003 15:14:48.862" level="INFO">Clicking element 'id=square19'.</msg>
<status status="PASS" starttime="20211003 15:14:48.862" endtime="20211003 15:14:48.884"/>
</kw>
<kw name="Click Element" library="Selenium2Library">
<arg>id=square20</arg>
<doc>Click the element identified by ``locator``.</doc>
<msg timestamp="20211003 15:14:48.885" level="INFO">Clicking element 'id=square20'.</msg>
<status status="PASS" starttime="20211003 15:14:48.884" endtime="20211003 15:14:48.905"/>
</kw>
<kw name="Click Element" library="Selenium2Library">
<arg>id=square21</arg>
<doc>Click the element identified by ``locator``.</doc>
<msg timestamp="20211003 15:14:48.905" level="INFO">Clicking element 'id=square21'.</msg>
<status status="PASS" starttime="20211003 15:14:48.905" endtime="20211003 15:14:48.927"/>
</kw>
<kw name="Click Element" library="Selenium2Library">
<arg>id=square22</arg>
<doc>Click the element identified by ``locator``.</doc>
<msg timestamp="20211003 15:14:48.928" level="INFO">Clicking element 'id=square22'.</msg>
<status status="PASS" starttime="20211003 15:14:48.927" endtime="20211003 15:14:48.949"/>
</kw>
<kw name="Click Element" library="Selenium2Library">
<arg>id=square23</arg>
<doc>Click the element identified by ``locator``.</doc>
<msg timestamp="20211003 15:14:48.949" level="INFO">Clicking element 'id=square23'.</msg>
<status status="PASS" starttime="20211003 15:14:48.949" endtime="20211003 15:14:48.969"/>
</kw>
<kw name="Click Element" library="Selenium2Library">
<arg>id=square24</arg>
<doc>Click the element identified by ``locator``.</doc>
<msg timestamp="20211003 15:14:48.970" level="INFO">Clicking element 'id=square24'.</msg>
<status status="PASS" starttime="20211003 15:14:48.970" endtime="20211003 15:14:48.992"/>
</kw>
<kw name="Click Element" library="Selenium2Library">
<arg>id=square25</arg>
<doc>Click the element identified by ``locator``.</doc>
<msg timestamp="20211003 15:14:48.992" level="INFO">Clicking element 'id=square25'.</msg>
<status status="PASS" starttime="20211003 15:14:48.992" endtime="20211003 15:14:49.014"/>
</kw>
<kw name="Click Element" library="Selenium2Library">
<arg>id=square26</arg>
<doc>Click the element identified by ``locator``.</doc>
<msg timestamp="20211003 15:14:49.014" level="INFO">Clicking element 'id=square26'.</msg>
<status status="PASS" starttime="20211003 15:14:49.014" endtime="20211003 15:14:49.035"/>
</kw>
<kw name="Click Element" library="Selenium2Library">
<arg>id=square27</arg>
<doc>Click the element identified by ``locator``.</doc>
<msg timestamp="20211003 15:14:49.036" level="INFO">Clicking element 'id=square27'.</msg>
<status status="PASS" starttime="20211003 15:14:49.036" endtime="20211003 15:14:49.057"/>
</kw>
<kw name="Click Element" library="Selenium2Library">
<arg>id=square28</arg>
<doc>Click the element identified by ``locator``.</doc>
<msg timestamp="20211003 15:14:49.058" level="INFO">Clicking element 'id=square28'.</msg>
<status status="PASS" starttime="20211003 15:14:49.057" endtime="20211003 15:14:49.079"/>
</kw>
<kw name="Click Element" library="Selenium2Library">
<arg>id=square29</arg>
<doc>Click the element identified by ``locator``.</doc>
<msg timestamp="20211003 15:14:49.079" level="INFO">Clicking element 'id=square29'.</msg>
<status status="PASS" starttime="20211003 15:14:49.079" endtime="20211003 15:14:49.101"/>
</kw>
<kw name="Click Element" library="Selenium2Library">
<arg>id=square30</arg>
<doc>Click the element identified by ``locator``.</doc>
<msg timestamp="20211003 15:14:49.101" level="INFO">Clicking element 'id=square30'.</msg>
<status status="PASS" starttime="20211003 15:14:49.101" endtime="20211003 15:14:49.121"/>
</kw>
<kw name="Click Element" library="Selenium2Library">
<arg>id=square31</arg>
<doc>Click the element identified by ``locator``.</doc>
<msg timestamp="20211003 15:14:49.122" level="INFO">Clicking element 'id=square31'.</msg>
<status status="PASS" starttime="20211003 15:14:49.121" endtime="20211003 15:14:49.143"/>
</kw>
<kw name="Click Element" library="Selenium2Library">
<arg>id=square32</arg>
<doc>Click the element identified by ``locator``.</doc>
<msg timestamp="20211003 15:14:49.143" level="INFO">Clicking element 'id=square32'.</msg>
<status status="PASS" starttime="20211003 15:14:49.143" endtime="20211003 15:14:49.167"/>
</kw>
<kw name="Click Element" library="Selenium2Library">
<arg>id=square33</arg>
<doc>Click the element identified by ``locator``.</doc>
<msg timestamp="20211003 15:14:49.167" level="INFO">Clicking element 'id=square33'.</msg>
<status status="PASS" starttime="20211003 15:14:49.167" endtime="20211003 15:14:49.187"/>
</kw>
<kw name="Click Element" library="Selenium2Library">
<arg>id=square34</arg>
<doc>Click the element identified by ``locator``.</doc>
<msg timestamp="20211003 15:14:49.188" level="INFO">Clicking element 'id=square34'.</msg>
<status status="PASS" starttime="20211003 15:14:49.187" endtime="20211003 15:14:49.209"/>
</kw>
<kw name="Click Element" library="Selenium2Library">
<arg>id=square35</arg>
<doc>Click the element identified by ``locator``.</doc>
<msg timestamp="20211003 15:14:49.209" level="INFO">Clicking element 'id=square35'.</msg>
<status status="PASS" starttime="20211003 15:14:49.209" endtime="20211003 15:14:49.230"/>
</kw>
<kw name="Click Element" library="Selenium2Library">
<arg>id=square36</arg>
<doc>Click the element identified by ``locator``.</doc>
<msg timestamp="20211003 15:14:49.231" level="INFO">Clicking element 'id=square36'.</msg>
<status status="PASS" starttime="20211003 15:14:49.230" endtime="20211003 15:14:49.251"/>
</kw>
<kw name="Click Element" library="Selenium2Library">
<arg>id=square37</arg>
<doc>Click the element identified by ``locator``.</doc>
<msg timestamp="20211003 15:14:49.251" level="INFO">Clicking element 'id=square37'.</msg>
<status status="PASS" starttime="20211003 15:14:49.251" endtime="20211003 15:14:49.272"/>
</kw>
<kw name="Click Element" library="Selenium2Library">
<arg>id=square38</arg>
<doc>Click the element identified by ``locator``.</doc>
<msg timestamp="20211003 15:14:49.273" level="INFO">Clicking element 'id=square38'.</msg>
<status status="PASS" starttime="20211003 15:14:49.273" endtime="20211003 15:14:49.294"/>
</kw>
<kw name="Click Element" library="Selenium2Library">
<arg>id=square39</arg>
<doc>Click the element identified by ``locator``.</doc>
<msg timestamp="20211003 15:14:49.294" level="INFO">Clicking element 'id=square39'.</msg>
<status status="PASS" starttime="20211003 15:14:49.294" endtime="20211003 15:14:49.315"/>
</kw>
<kw name="Click Element" library="Selenium2Library">
<arg>id=square40</arg>
<doc>Click the element identified by ``locator``.</doc>
<msg timestamp="20211003 15:14:49.316" level="INFO">Clicking element 'id=square40'.</msg>
<status status="PASS" starttime="20211003 15:14:49.315" endtime="20211003 15:14:49.337"/>
</kw>
<kw name="Click Element" library="Selenium2Library">
<arg>id=square41</arg>
<doc>Click the element identified by ``locator``.</doc>
<msg timestamp="20211003 15:14:49.337" level="INFO">Clicking element 'id=square41'.</msg>
<status status="PASS" starttime="20211003 15:14:49.337" endtime="20211003 15:14:49.358"/>
</kw>
<kw name="Click Element" library="Selenium2Library">
<arg>id=square42</arg>
<doc>Click the element identified by ``locator``.</doc>
<msg timestamp="20211003 15:14:49.359" level="INFO">Clicking element 'id=square42'.</msg>
<status status="PASS" starttime="20211003 15:14:49.358" endtime="20211003 15:14:49.380"/>
</kw>
<kw name="Click Element" library="Selenium2Library">
<arg>id=square43</arg>
<doc>Click the element identified by ``locator``.</doc>
<msg timestamp="20211003 15:14:49.380" level="INFO">Clicking element 'id=square43'.</msg>
<status status="PASS" starttime="20211003 15:14:49.380" endtime="20211003 15:14:49.402"/>
</kw>
<kw name="Click Element" library="Selenium2Library">
<arg>id=square44</arg>
<doc>Click the element identified by ``locator``.</doc>
<msg timestamp="20211003 15:14:49.402" level="INFO">Clicking element 'id=square44'.</msg>
<status status="PASS" starttime="20211003 15:14:49.402" endtime="20211003 15:14:49.423"/>
</kw>
<kw name="Click Element" library="Selenium2Library">
<arg>id=square45</arg>
<doc>Click the element identified by ``locator``.</doc>
<msg timestamp="20211003 15:14:49.423" level="INFO">Clicking element 'id=square45'.</msg>
<status status="PASS" starttime="20211003 15:14:49.423" endtime="20211003 15:14:49.445"/>
</kw>
<kw name="Click Element" library="Selenium2Library">
<arg>id=square46</arg>
<doc>Click the element identified by ``locator``.</doc>
<msg timestamp="20211003 15:14:49.445" level="INFO">Clicking element 'id=square46'.</msg>
<status status="PASS" starttime="20211003 15:14:49.445" endtime="20211003 15:14:49.466"/>
</kw>
<kw name="Click Element" library="Selenium2Library">
<arg>id=square47</arg>
<doc>Click the element identified by ``locator``.</doc>
<msg timestamp="20211003 15:14:49.466" level="INFO">Clicking element 'id=square47'.</msg>
<status status="PASS" starttime="20211003 15:14:49.466" endtime="20211003 15:14:49.487"/>
</kw>
<kw name="Click Element" library="Selenium2Library">
<arg>id=square48</arg>
<doc>Click the element identified by ``locator``.</doc>
<msg timestamp="20211003 15:14:49.487" level="INFO">Clicking element 'id=square48'.</msg>
<status status="PASS" starttime="20211003 15:14:49.487" endtime="20211003 15:14:49.510"/>
</kw>
<kw name="Click Element" library="Selenium2Library">
<arg>id=square49</arg>
<doc>Click the element identified by ``locator``.</doc>
<msg timestamp="20211003 15:14:49.510" level="INFO">Clicking element 'id=square49'.</msg>
<status status="PASS" starttime="20211003 15:14:49.510" endtime="20211003 15:14:49.533"/>
</kw>
<kw name="Click Element" library="Selenium2Library">
<arg>id=square50</arg>
<doc>Click the element identified by ``locator``.</doc>
<msg timestamp="20211003 15:14:49.533" level="INFO">Clicking element 'id=square50'.</msg>
<status status="PASS" starttime="20211003 15:14:49.533" endtime="20211003 15:14:49.554"/>
</kw>
<kw name="Click Element" library="Selenium2Library">
<arg>id=square51</arg>
<doc>Click the element identified by ``locator``.</doc>
<msg timestamp="20211003 15:14:49.554" level="INFO">Clicking element 'id=square51'.</msg>
<status status="PASS" starttime="20211003 15:14:49.554" endtime="20211003 15:14:49.575"/>
</kw>
<kw name="Click Element" library="Selenium2Library">
<arg>id=square52</arg>
<doc>Click the element identified by ``locator``.</doc>
<msg timestamp="20211003 15:14:49.576" level="INFO">Clicking element 'id=square52'.</msg>
<status status="PASS" starttime="20211003 15:14:49.575" endtime="20211003 15:14:49.597"/>
</kw>
<kw name="Click Element" library="Selenium2Library">
<arg>id=square53</arg>
<doc>Click the element identified by ``locator``.</doc>
<msg timestamp="20211003 15:14:49.597" level="INFO">Clicking element 'id=square53'.</msg>
<status status="PASS" starttime="20211003 15:14:49.597" endtime="20211003 15:14:49.619"/>
</kw>
<kw name="Click Element" library="Selenium2Library">
<arg>id=square54</arg>
<doc>Click the element identified by ``locator``.</doc>
<msg timestamp="20211003 15:14:49.619" level="INFO">Clicking element 'id=square54'.</msg>
<status status="PASS" starttime="20211003 15:14:49.619" endtime="20211003 15:14:49.644"/>
</kw>
<kw name="Click Element" library="Selenium2Library">
<arg>id=square55</arg>
<doc>Click the element identified by ``locator``.</doc>
<msg timestamp="20211003 15:14:49.645" level="INFO">Clicking element 'id=square55'.</msg>
<status status="PASS" starttime="20211003 15:14:49.644" endtime="20211003 15:14:49.666"/>
</kw>
<kw name="Click Element" library="Selenium2Library">
<arg>id=square56</arg>
<doc>Click the element identified by ``locator``.</doc>
<msg timestamp="20211003 15:14:49.666" level="INFO">Clicking element 'id=square56'.</msg>
<status status="PASS" starttime="20211003 15:14:49.666" endtime="20211003 15:14:49.686"/>
</kw>
<kw name="Click Element" library="Selenium2Library">
<arg>id=square57</arg>
<doc>Click the element identified by ``locator``.</doc>
<msg timestamp="20211003 15:14:49.687" level="INFO">Clicking element 'id=square57'.</msg>
<status status="PASS" starttime="20211003 15:14:49.686" endtime="20211003 15:14:49.708"/>
</kw>
<kw name="Click Element" library="Selenium2Library">
<arg>id=square58</arg>
<doc>Click the element identified by ``locator``.</doc>
<msg timestamp="20211003 15:14:49.708" level="INFO">Clicking element 'id=square58'.</msg>
<status status="PASS" starttime="20211003 15:14:49.708" endtime="20211003 15:14:49.729"/>
</kw>
<kw name="Click Element" library="Selenium2Library">
<arg>id=square59</arg>
<doc>Click the element identified by ``locator``.</doc>
<msg timestamp="20211003 15:14:49.729" level="INFO">Clicking element 'id=square59'.</msg>
<status status="PASS" starttime="20211003 15:14:49.729" endtime="20211003 15:14:49.750"/>
</kw>
<kw name="Click Element" library="Selenium2Library">
<arg>id=square60</arg>
<doc>Click the element identified by ``locator``.</doc>
<msg timestamp="20211003 15:14:49.750" level="INFO">Clicking element 'id=square60'.</msg>
<status status="PASS" starttime="20211003 15:14:49.750" endtime="20211003 15:14:49.772"/>
</kw>
<kw name="Click Element" library="Selenium2Library">
<arg>id=square61</arg>
<doc>Click the element identified by ``locator``.</doc>
<msg timestamp="20211003 15:14:49.772" level="INFO">Clicking element 'id=square61'.</msg>
<status status="PASS" starttime="20211003 15:14:49.772" endtime="20211003 15:14:49.793"/>
</kw>
<kw name="Click Element" library="Selenium2Library">
<arg>id=square62</arg>
<doc>Click the element identified by ``locator``.</doc>
<msg timestamp="20211003 15:14:49.794" level="INFO">Clicking element 'id=square62'.</msg>
<status status="PASS" starttime="20211003 15:14:49.794" endtime="20211003 15:14:49.816"/>
</kw>
<kw name="Click Element" library="Selenium2Library">
<arg>id=square63</arg>
<doc>Click the element identified by ``locator``.</doc>
<msg timestamp="20211003 15:14:49.816" level="INFO">Clicking element 'id=square63'.</msg>
<status status="PASS" starttime="20211003 15:14:49.816" endtime="20211003 15:14:49.837"/>
</kw>
<kw name="Click Element" library="Selenium2Library">
<arg>id=square64</arg>
<doc>Click the element identified by ``locator``.</doc>
<msg timestamp="20211003 15:14:49.838" level="INFO">Clicking element 'id=square64'.</msg>
<status status="PASS" starttime="20211003 15:14:49.838" endtime="20211003 15:14:49.860"/>
</kw>
<kw name="Click Element" library="Selenium2Library">
<arg>id=square65</arg>
<doc>Click the element identified by ``locator``.</doc>
<msg timestamp="20211003 15:14:49.860" level="INFO">Clicking element 'id=square65'.</msg>
<status status="PASS" starttime="20211003 15:14:49.860" endtime="20211003 15:14:49.881"/>
</kw>
<kw name="Click Element" library="Selenium2Library">
<arg>id=square66</arg>
<doc>Click the element identified by ``locator``.</doc>
<msg timestamp="20211003 15:14:49.882" level="INFO">Clicking element 'id=square66'.</msg>
<status status="PASS" starttime="20211003 15:14:49.881" endtime="20211003 15:14:49.903"/>
</kw>
<kw name="Click Element" library="Selenium2Library">
<arg>id=square67</arg>
<doc>Click the element identified by ``locator``.</doc>
<msg timestamp="20211003 15:14:49.903" level="INFO">Clicking element 'id=square67'.</msg>
<status status="PASS" starttime="20211003 15:14:49.903" endtime="20211003 15:14:49.924"/>
</kw>
<kw name="Click Element" library="Selenium2Library">
<arg>id=square68</arg>
<doc>Click the element identified by ``locator``.</doc>
<msg timestamp="20211003 15:14:49.925" level="INFO">Clicking element 'id=square68'.</msg>
<status status="PASS" starttime="20211003 15:14:49.925" endtime="20211003 15:14:49.946"/>
</kw>
<kw name="Click Element" library="Selenium2Library">
<arg>id=square69</arg>
<doc>Click the element identified by ``locator``.</doc>
<msg timestamp="20211003 15:14:49.946" level="INFO">Clicking element 'id=square69'.</msg>
<status status="PASS" starttime="20211003 15:14:49.946" endtime="20211003 15:14:49.967"/>
</kw>
<kw name="Click Element" library="Selenium2Library">
<arg>id=square70</arg>
<doc>Click the element identified by ``locator``.</doc>
<msg timestamp="20211003 15:14:49.968" level="INFO">Clicking element 'id=square70'.</msg>
<status status="PASS" starttime="20211003 15:14:49.967" endtime="20211003 15:14:49.988"/>
</kw>
<kw name="Click Element" library="Selenium2Library">
<arg>id=square71</arg>
<doc>Click the element identified by ``locator``.</doc>
<msg timestamp="20211003 15:14:49.988" level="INFO">Clicking element 'id=square71'.</msg>
<status status="PASS" starttime="20211003 15:14:49.988" endtime="20211003 15:14:50.010"/>
</kw>
<kw name="Click Element" library="Selenium2Library">
<arg>id=square72</arg>
<doc>Click the element identified by ``locator``.</doc>
<msg timestamp="20211003 15:14:50.011" level="INFO">Clicking element 'id=square72'.</msg>
<status status="PASS" starttime="20211003 15:14:50.010" endtime="20211003 15:14:50.032"/>
</kw>
<kw name="Click Element" library="Selenium2Library">
<arg>id=square73</arg>
<doc>Click the element identified by ``locator``.</doc>
<msg timestamp="20211003 15:14:50.033" level="INFO">Clicking element 'id=square73'.</msg>
<status status="PASS" starttime="20211003 15:14:50.032" endtime="20211003 15:14:50.052"/>
</kw>
<kw name="Click Element" library="Selenium2Library">
<arg>id=square74</arg>
<doc>Click the element identified by ``locator``.</doc>
<msg timestamp="20211003 15:14:50.053" level="INFO">Clicking element 'id=square74'.</msg>
<status status="PASS" starttime="20211003 15:14:50.053" endtime="20211003 15:14:50.075"/>
</kw>
<kw name="Click Element" library="Selenium2Library">
<arg>id=square75</arg>
<doc>Click the element identified by ``locator``.</doc>
<msg timestamp="20211003 15:14:50.075" level="INFO">Clicking element 'id=square75'.</msg>
<status status="PASS" starttime="20211003 15:14:50.075" endtime="20211003 15:14:50.096"/>
</kw>
<kw name="Click Element" library="Selenium2Library">
<arg>id=square76</arg>
<doc>Click the element identified by ``locator``.</doc>
<msg timestamp="20211003 15:14:50.097" level="INFO">Clicking element 'id=square76'.</msg>
<status status="PASS" starttime="20211003 15:14:50.096" endtime="20211003 15:14:50.117"/>
</kw>
<kw name="Click Element" library="Selenium2Library">
<arg>id=square77</arg>
<doc>Click the element identified by ``locator``.</doc>
<msg timestamp="20211003 15:14:50.118" level="INFO">Clicking element 'id=square77'.</msg>
<status status="PASS" starttime="20211003 15:14:50.118" endtime="20211003 15:14:50.138"/>
</kw>
<kw name="Click Element" library="Selenium2Library">
<arg>id=square78</arg>
<doc>Click the element identified by ``locator``.</doc>
<msg timestamp="20211003 15:14:50.138" level="INFO">Clicking element 'id=square78'.</msg>
<status status="PASS" starttime="20211003 15:14:50.138" endtime="20211003 15:14:50.159"/>
</kw>
<kw name="Click Element" library="Selenium2Library">
<arg>id=square79</arg>
<doc>Click the element identified by ``locator``.</doc>
<msg timestamp="20211003 15:14:50.160" level="INFO">Clicking element 'id=square79'.</msg>
<status status="PASS" starttime="20211003 15:14:50.159" endtime="20211003 15:14:50.181"/>
</kw>
<kw name="Click Element" library="Selenium2Library">
<arg>id=square80</arg>
<doc>Click the element identified by ``locator``.</doc>
<msg timestamp="20211003 15:14:50.181" level="INFO">Clicking element 'id=square80'.</msg>
<status status="PASS" starttime="20211003 15:14:50.181" endtime="20211003 15:14:50.201"/>
</kw>
<kw name="Click Element" library="Selenium2Library">
<arg>id=square81</arg>
<doc>Click the element identified by ``locator``.</doc>
<msg timestamp="20211003 15:14:50.202" level="INFO">Clicking element 'id=square81'.</msg>
<status status="PASS" starttime="20211003 15:14:50.201" endtime="20211003 15:14:50.222"/>
</kw>
<kw name="Click Element" library="Selenium2Library">
<arg>id=square82</arg>
<doc>Click the element identified by ``locator``.</doc>
<msg timestamp="20211003 15:14:50.222" level="INFO">Clicking element 'id=square82'.</msg>
<status status="PASS" starttime="20211003 15:14:50.222" endtime="20211003 15:14:50.244"/>
</kw>
<kw name="Sleep" library="BuiltIn">
<arg>60</arg>
<doc>Pauses the test executed for the given time.</doc>
<status status="FAIL" starttime="20211003 15:14:50.244" endtime="20211003 15:15:23.466"/>
</kw>
<kw name="Close Browser" library="Selenium2Library">
<doc>Closes the current browser.</doc>
<status status="NOT RUN" starttime="20211003 15:15:23.466" endtime="20211003 15:15:23.466"/>
</kw>
<status status="FAIL" starttime="20211003 15:14:47.952" endtime="20211003 15:15:23.466"/>
</kw>
<status status="FAIL" starttime="20211003 15:14:25.161" endtime="20211003 15:15:23.466"/>
</kw>
<status status="FAIL" starttime="20211003 15:14:23.761" endtime="20211003 15:15:23.467">Execution terminated by signal</status>
</test>
<status status="FAIL" starttime="20211003 15:14:23.652" endtime="20211003 15:15:23.468"/>
</suite>
<statistics>
<total>
<stat pass="0" fail="1" skip="0">All Tests</stat>
</total>
<tag>
</tag>
<suite>
<stat pass="0" fail="1" skip="0" id="s1" name="Test Dartboard">Test Dartboard</stat>
</suite>
</statistics>
<errors>
</errors>
</robot>
