<?xml version="1.0" encoding="UTF-8"?>
<robot generator="Robot 4.1 (Python 3.9.7 on win32)" generated="20211003 14:41:24.174" rpa="false" schemaversion="2">
<suite id="s1" name="Test Dartboard" source="C:\Users\marsh\Documents\GitHub\499-Dart-Project\Testing\RobotScripts\test_dartboard.robot">
<test id="s1-t1" name="Test Dartboard">
<kw name="Navigate to Homepage">
<kw name="Open Browser" library="Selenium2Library">
<arg>browser=${browser}</arg>
<arg>executable_path=C:/Users/marsh/AppData/Local/Programs/Python/Python39/chromedriver.exe</arg>
<doc>Opens a new browser instance to the optional ``url``.</doc>
<msg timestamp="20211003 14:41:24.285" level="INFO">Opening browser 'Chrome' to base url 'None'.</msg>
<status status="PASS" starttime="20211003 14:41:24.285" endtime="20211003 14:41:25.408"/>
</kw>
<kw name="Go To" library="Selenium2Library">
<arg>${webpage}</arg>
<doc>Navigates the current browser window to the provided ``url``.</doc>
<msg timestamp="20211003 14:41:25.408" level="INFO">Opening url 'http://192.168.1.179:5010/scorekeeper'</msg>
<status status="PASS" starttime="20211003 14:41:25.408" endtime="20211003 14:41:25.577"/>
</kw>
<kw name="Close Browser" library="Selenium2Library">
<doc>Closes the current browser.</doc>
<status status="PASS" starttime="20211003 14:41:25.577" endtime="20211003 14:41:27.666"/>
</kw>
<status status="PASS" starttime="20211003 14:41:24.285" endtime="20211003 14:41:27.666"/>
</kw>
<status status="PASS" starttime="20211003 14:41:24.284" endtime="20211003 14:41:27.667"/>
</test>
<status status="PASS" starttime="20211003 14:41:24.175" endtime="20211003 14:41:27.668"/>
</suite>
<statistics>
<total>
<stat pass="1" fail="0" skip="0">All Tests</stat>
</total>
<tag>
</tag>
<suite>
<stat pass="1" fail="0" skip="0" id="s1" name="Test Dartboard">Test Dartboard</stat>
</suite>
</statistics>
<errors>
</errors>
</robot>
