<?xml version="1.0" encoding="UTF-8"?>
<robot generator="Robot 4.1 (Python 3.9.7 on win32)" generated="20211003 15:09:08.662" rpa="false" schemaversion="2">
<suite id="s1" name="Test Dartboard" source="C:\Users\marsh\Documents\GitHub\499-Dart-Project\Testing\RobotScripts\test_dartboard.robot">
<test id="s1-t1" name="Test Dartboard">
<kw name="Navigate to Scorekeeper">
<kw name="Open Browser" library="Selenium2Library">
<arg>browser=${browser}</arg>
<arg>executable_path=C:/Users/marsh/AppData/Local/Programs/Python/Python39/chromedriver.exe</arg>
<doc>Opens a new browser instance to the optional ``url``.</doc>
<msg timestamp="20211003 15:09:08.773" level="INFO">Opening browser 'Chrome' to base url 'None'.</msg>
<status status="PASS" starttime="20211003 15:09:08.772" endtime="20211003 15:09:09.893"/>
</kw>
<kw name="Maximize Browser Window" library="Selenium2Library">
<doc>Maximizes current browser window.</doc>
<status status="PASS" starttime="20211003 15:09:09.893" endtime="20211003 15:09:10.006"/>
</kw>
<kw name="Go To" library="Selenium2Library">
<arg>${webpage}</arg>
<doc>Navigates the current browser window to the provided ``url``.</doc>
<msg timestamp="20211003 15:09:10.006" level="INFO">Opening url 'http://192.168.1.179:5010/scorekeeper'</msg>
<status status="PASS" starttime="20211003 15:09:10.006" endtime="20211003 15:09:10.173"/>
</kw>
<status status="PASS" starttime="20211003 15:09:08.772" endtime="20211003 15:09:10.173"/>
</kw>
<kw name="Test Dartboard">
<kw name="Hover Over Each Element">
<kw name="Mouse Over" library="Selenium2Library">
<arg>id=square1</arg>
<doc>Simulates hovering the mouse over the element ``locator``.</doc>
<msg timestamp="20211003 15:09:10.174" level="INFO">Simulating Mouse Over on element 'id=square1'.</msg>
<status status="PASS" starttime="20211003 15:09:10.174" endtime="20211003 15:09:10.461"/>
</kw>
<kw name="Mouse Over" library="Selenium2Library">
<arg>id=square2</arg>
<doc>Simulates hovering the mouse over the element ``locator``.</doc>
<msg timestamp="20211003 15:09:10.461" level="INFO">Simulating Mouse Over on element 'id=square2'.</msg>
<status status="PASS" starttime="20211003 15:09:10.461" endtime="20211003 15:09:10.727"/>
</kw>
<kw name="Mouse Over" library="Selenium2Library">
<arg>id=square3</arg>
<doc>Simulates hovering the mouse over the element ``locator``.</doc>
<msg timestamp="20211003 15:09:10.728" level="INFO">Simulating Mouse Over on element 'id=square3'.</msg>
<status status="PASS" starttime="20211003 15:09:10.727" endtime="20211003 15:09:11.004"/>
</kw>
<kw name="Mouse Over" library="Selenium2Library">
<arg>id=square4</arg>
<doc>Simulates hovering the mouse over the element ``locator``.</doc>
<msg timestamp="20211003 15:09:11.004" level="INFO">Simulating Mouse Over on element 'id=square4'.</msg>
<status status="PASS" starttime="20211003 15:09:11.004" endtime="20211003 15:09:11.283"/>
</kw>
<kw name="Mouse Over" library="Selenium2Library">
<arg>id=square5</arg>
<doc>Simulates hovering the mouse over the element ``locator``.</doc>
<msg timestamp="20211003 15:09:11.284" level="INFO">Simulating Mouse Over on element 'id=square5'.</msg>
<status status="PASS" starttime="20211003 15:09:11.283" endtime="20211003 15:09:11.561"/>
</kw>
<kw name="Mouse Over" library="Selenium2Library">
<arg>id=square6</arg>
<doc>Simulates hovering the mouse over the element ``locator``.</doc>
<msg timestamp="20211003 15:09:11.561" level="INFO">Simulating Mouse Over on element 'id=square6'.</msg>
<status status="PASS" starttime="20211003 15:09:11.561" endtime="20211003 15:09:11.826"/>
</kw>
<kw name="Mouse Over" library="Selenium2Library">
<arg>id=square7</arg>
<doc>Simulates hovering the mouse over the element ``locator``.</doc>
<msg timestamp="20211003 15:09:11.826" level="INFO">Simulating Mouse Over on element 'id=square7'.</msg>
<status status="PASS" starttime="20211003 15:09:11.826" endtime="20211003 15:09:12.095"/>
</kw>
<kw name="Mouse Over" library="Selenium2Library">
<arg>id=square8</arg>
<doc>Simulates hovering the mouse over the element ``locator``.</doc>
<msg timestamp="20211003 15:09:12.095" level="INFO">Simulating Mouse Over on element 'id=square8'.</msg>
<status status="PASS" starttime="20211003 15:09:12.095" endtime="20211003 15:09:12.364"/>
</kw>
<kw name="Mouse Over" library="Selenium2Library">
<arg>id=square9</arg>
<doc>Simulates hovering the mouse over the element ``locator``.</doc>
<msg timestamp="20211003 15:09:12.365" level="INFO">Simulating Mouse Over on element 'id=square9'.</msg>
<status status="PASS" starttime="20211003 15:09:12.364" endtime="20211003 15:09:12.634"/>
</kw>
<kw name="Mouse Over" library="Selenium2Library">
<arg>id=square10</arg>
<doc>Simulates hovering the mouse over the element ``locator``.</doc>
<msg timestamp="20211003 15:09:12.635" level="INFO">Simulating Mouse Over on element 'id=square10'.</msg>
<status status="PASS" starttime="20211003 15:09:12.634" endtime="20211003 15:09:12.917"/>
</kw>
<kw name="Mouse Over" library="Selenium2Library">
<arg>id=square11</arg>
<doc>Simulates hovering the mouse over the element ``locator``.</doc>
<msg timestamp="20211003 15:09:12.918" level="INFO">Simulating Mouse Over on element 'id=square11'.</msg>
<status status="PASS" starttime="20211003 15:09:12.917" endtime="20211003 15:09:13.187"/>
</kw>
<kw name="Mouse Over" library="Selenium2Library">
<arg>id=square12</arg>
<doc>Simulates hovering the mouse over the element ``locator``.</doc>
<msg timestamp="20211003 15:09:13.188" level="INFO">Simulating Mouse Over on element 'id=square12'.</msg>
<status status="PASS" starttime="20211003 15:09:13.187" endtime="20211003 15:09:13.457"/>
</kw>
<kw name="Mouse Over" library="Selenium2Library">
<arg>id=square13</arg>
<doc>Simulates hovering the mouse over the element ``locator``.</doc>
<msg timestamp="20211003 15:09:13.457" level="INFO">Simulating Mouse Over on element 'id=square13'.</msg>
<status status="PASS" starttime="20211003 15:09:13.457" endtime="20211003 15:09:13.736"/>
</kw>
<kw name="Mouse Over" library="Selenium2Library">
<arg>id=square14</arg>
<doc>Simulates hovering the mouse over the element ``locator``.</doc>
<msg timestamp="20211003 15:09:13.736" level="INFO">Simulating Mouse Over on element 'id=square14'.</msg>
<status status="PASS" starttime="20211003 15:09:13.736" endtime="20211003 15:09:14.000"/>
</kw>
<kw name="Mouse Over" library="Selenium2Library">
<arg>id=square15</arg>
<doc>Simulates hovering the mouse over the element ``locator``.</doc>
<msg timestamp="20211003 15:09:14.001" level="INFO">Simulating Mouse Over on element 'id=square15'.</msg>
<status status="PASS" starttime="20211003 15:09:14.000" endtime="20211003 15:09:14.267"/>
</kw>
<kw name="Mouse Over" library="Selenium2Library">
<arg>id=square16</arg>
<doc>Simulates hovering the mouse over the element ``locator``.</doc>
<msg timestamp="20211003 15:09:14.267" level="INFO">Simulating Mouse Over on element 'id=square16'.</msg>
<status status="PASS" starttime="20211003 15:09:14.267" endtime="20211003 15:09:14.548"/>
</kw>
<kw name="Mouse Over" library="Selenium2Library">
<arg>id=square17</arg>
<doc>Simulates hovering the mouse over the element ``locator``.</doc>
<msg timestamp="20211003 15:09:14.548" level="INFO">Simulating Mouse Over on element 'id=square17'.</msg>
<status status="PASS" starttime="20211003 15:09:14.548" endtime="20211003 15:09:14.826"/>
</kw>
<kw name="Mouse Over" library="Selenium2Library">
<arg>id=square18</arg>
<doc>Simulates hovering the mouse over the element ``locator``.</doc>
<msg timestamp="20211003 15:09:14.826" level="INFO">Simulating Mouse Over on element 'id=square18'.</msg>
<status status="PASS" starttime="20211003 15:09:14.826" endtime="20211003 15:09:15.091"/>
</kw>
<kw name="Mouse Over" library="Selenium2Library">
<arg>id=square19</arg>
<doc>Simulates hovering the mouse over the element ``locator``.</doc>
<msg timestamp="20211003 15:09:15.091" level="INFO">Simulating Mouse Over on element 'id=square19'.</msg>
<status status="PASS" starttime="20211003 15:09:15.091" endtime="20211003 15:09:15.368"/>
</kw>
<kw name="Mouse Over" library="Selenium2Library">
<arg>id=square20</arg>
<doc>Simulates hovering the mouse over the element ``locator``.</doc>
<msg timestamp="20211003 15:09:15.368" level="INFO">Simulating Mouse Over on element 'id=square20'.</msg>
<status status="PASS" starttime="20211003 15:09:15.368" endtime="20211003 15:09:15.636"/>
</kw>
<kw name="Mouse Over" library="Selenium2Library">
<arg>id=square21</arg>
<doc>Simulates hovering the mouse over the element ``locator``.</doc>
<msg timestamp="20211003 15:09:15.636" level="INFO">Simulating Mouse Over on element 'id=square21'.</msg>
<status status="PASS" starttime="20211003 15:09:15.636" endtime="20211003 15:09:15.914"/>
</kw>
<kw name="Mouse Over" library="Selenium2Library">
<arg>id=square22</arg>
<doc>Simulates hovering the mouse over the element ``locator``.</doc>
<msg timestamp="20211003 15:09:15.915" level="INFO">Simulating Mouse Over on element 'id=square22'.</msg>
<status status="PASS" starttime="20211003 15:09:15.914" endtime="20211003 15:09:16.194"/>
</kw>
<kw name="Mouse Over" library="Selenium2Library">
<arg>id=square23</arg>
<doc>Simulates hovering the mouse over the element ``locator``.</doc>
<msg timestamp="20211003 15:09:16.195" level="INFO">Simulating Mouse Over on element 'id=square23'.</msg>
<status status="PASS" starttime="20211003 15:09:16.194" endtime="20211003 15:09:16.472"/>
</kw>
<kw name="Mouse Over" library="Selenium2Library">
<arg>id=square24</arg>
<doc>Simulates hovering the mouse over the element ``locator``.</doc>
<msg timestamp="20211003 15:09:16.472" level="INFO">Simulating Mouse Over on element 'id=square24'.</msg>
<status status="PASS" starttime="20211003 15:09:16.472" endtime="20211003 15:09:16.738"/>
</kw>
<kw name="Mouse Over" library="Selenium2Library">
<arg>id=square25</arg>
<doc>Simulates hovering the mouse over the element ``locator``.</doc>
<msg timestamp="20211003 15:09:16.738" level="INFO">Simulating Mouse Over on element 'id=square25'.</msg>
<status status="PASS" starttime="20211003 15:09:16.738" endtime="20211003 15:09:17.002"/>
</kw>
<kw name="Mouse Over" library="Selenium2Library">
<arg>id=square26</arg>
<doc>Simulates hovering the mouse over the element ``locator``.</doc>
<msg timestamp="20211003 15:09:17.002" level="INFO">Simulating Mouse Over on element 'id=square26'.</msg>
<status status="PASS" starttime="20211003 15:09:17.002" endtime="20211003 15:09:17.282"/>
</kw>
<kw name="Mouse Over" library="Selenium2Library">
<arg>id=square27</arg>
<doc>Simulates hovering the mouse over the element ``locator``.</doc>
<msg timestamp="20211003 15:09:17.282" level="INFO">Simulating Mouse Over on element 'id=square27'.</msg>
<status status="PASS" starttime="20211003 15:09:17.282" endtime="20211003 15:09:17.560"/>
</kw>
<kw name="Mouse Over" library="Selenium2Library">
<arg>id=square28</arg>
<doc>Simulates hovering the mouse over the element ``locator``.</doc>
<msg timestamp="20211003 15:09:17.560" level="INFO">Simulating Mouse Over on element 'id=square28'.</msg>
<status status="PASS" starttime="20211003 15:09:17.560" endtime="20211003 15:09:17.825"/>
</kw>
<kw name="Mouse Over" library="Selenium2Library">
<arg>id=square29</arg>
<doc>Simulates hovering the mouse over the element ``locator``.</doc>
<msg timestamp="20211003 15:09:17.825" level="INFO">Simulating Mouse Over on element 'id=square29'.</msg>
<status status="PASS" starttime="20211003 15:09:17.825" endtime="20211003 15:09:18.094"/>
</kw>
<kw name="Mouse Over" library="Selenium2Library">
<arg>id=square30</arg>
<doc>Simulates hovering the mouse over the element ``locator``.</doc>
<msg timestamp="20211003 15:09:18.094" level="INFO">Simulating Mouse Over on element 'id=square30'.</msg>
<status status="PASS" starttime="20211003 15:09:18.094" endtime="20211003 15:09:18.373"/>
</kw>
<kw name="Mouse Over" library="Selenium2Library">
<arg>id=square31</arg>
<doc>Simulates hovering the mouse over the element ``locator``.</doc>
<msg timestamp="20211003 15:09:18.374" level="INFO">Simulating Mouse Over on element 'id=square31'.</msg>
<status status="PASS" starttime="20211003 15:09:18.373" endtime="20211003 15:09:18.651"/>
</kw>
<kw name="Mouse Over" library="Selenium2Library">
<arg>id=square32</arg>
<doc>Simulates hovering the mouse over the element ``locator``.</doc>
<msg timestamp="20211003 15:09:18.651" level="INFO">Simulating Mouse Over on element 'id=square32'.</msg>
<status status="PASS" starttime="20211003 15:09:18.651" endtime="20211003 15:09:18.914"/>
</kw>
<kw name="Mouse Over" library="Selenium2Library">
<arg>id=square33</arg>
<doc>Simulates hovering the mouse over the element ``locator``.</doc>
<msg timestamp="20211003 15:09:18.915" level="INFO">Simulating Mouse Over on element 'id=square33'.</msg>
<status status="PASS" starttime="20211003 15:09:18.914" endtime="20211003 15:09:19.182"/>
</kw>
<kw name="Mouse Over" library="Selenium2Library">
<arg>id=square34</arg>
<doc>Simulates hovering the mouse over the element ``locator``.</doc>
<msg timestamp="20211003 15:09:19.183" level="INFO">Simulating Mouse Over on element 'id=square34'.</msg>
<status status="PASS" starttime="20211003 15:09:19.182" endtime="20211003 15:09:19.461"/>
</kw>
<kw name="Mouse Over" library="Selenium2Library">
<arg>id=square35</arg>
<doc>Simulates hovering the mouse over the element ``locator``.</doc>
<msg timestamp="20211003 15:09:19.461" level="INFO">Simulating Mouse Over on element 'id=square35'.</msg>
<status status="PASS" starttime="20211003 15:09:19.461" endtime="20211003 15:09:19.728"/>
</kw>
<kw name="Mouse Over" library="Selenium2Library">
<arg>id=square36</arg>
<doc>Simulates hovering the mouse over the element ``locator``.</doc>
<msg timestamp="20211003 15:09:19.728" level="INFO">Simulating Mouse Over on element 'id=square36'.</msg>
<status status="PASS" starttime="20211003 15:09:19.728" endtime="20211003 15:09:20.007"/>
</kw>
<kw name="Mouse Over" library="Selenium2Library">
<arg>id=square37</arg>
<doc>Simulates hovering the mouse over the element ``locator``.</doc>
<msg timestamp="20211003 15:09:20.007" level="INFO">Simulating Mouse Over on element 'id=square37'.</msg>
<status status="PASS" starttime="20211003 15:09:20.007" endtime="20211003 15:09:20.271"/>
</kw>
<kw name="Mouse Over" library="Selenium2Library">
<arg>id=square38</arg>
<doc>Simulates hovering the mouse over the element ``locator``.</doc>
<msg timestamp="20211003 15:09:20.272" level="INFO">Simulating Mouse Over on element 'id=square38'.</msg>
<status status="PASS" starttime="20211003 15:09:20.271" endtime="20211003 15:09:20.538"/>
</kw>
<kw name="Mouse Over" library="Selenium2Library">
<arg>id=square39</arg>
<doc>Simulates hovering the mouse over the element ``locator``.</doc>
<msg timestamp="20211003 15:09:20.538" level="INFO">Simulating Mouse Over on element 'id=square39'.</msg>
<status status="PASS" starttime="20211003 15:09:20.538" endtime="20211003 15:09:20.802"/>
</kw>
<kw name="Mouse Over" library="Selenium2Library">
<arg>id=square40</arg>
<doc>Simulates hovering the mouse over the element ``locator``.</doc>
<msg timestamp="20211003 15:09:20.803" level="INFO">Simulating Mouse Over on element 'id=square40'.</msg>
<status status="PASS" starttime="20211003 15:09:20.802" endtime="20211003 15:09:21.082"/>
</kw>
<kw name="Mouse Over" library="Selenium2Library">
<arg>id=square41</arg>
<doc>Simulates hovering the mouse over the element ``locator``.</doc>
<msg timestamp="20211003 15:09:21.082" level="INFO">Simulating Mouse Over on element 'id=square41'.</msg>
<status status="PASS" starttime="20211003 15:09:21.082" endtime="20211003 15:09:21.360"/>
</kw>
<kw name="Mouse Over" library="Selenium2Library">
<arg>id=square42</arg>
<doc>Simulates hovering the mouse over the element ``locator``.</doc>
<msg timestamp="20211003 15:09:21.360" level="INFO">Simulating Mouse Over on element 'id=square42'.</msg>
<status status="PASS" starttime="20211003 15:09:21.360" endtime="20211003 15:09:21.628"/>
</kw>
<kw name="Mouse Over" library="Selenium2Library">
<arg>id=square43</arg>
<doc>Simulates hovering the mouse over the element ``locator``.</doc>
<msg timestamp="20211003 15:09:21.629" level="INFO">Simulating Mouse Over on element 'id=square43'.</msg>
<status status="PASS" starttime="20211003 15:09:21.629" endtime="20211003 15:09:21.908"/>
</kw>
<kw name="Mouse Over" library="Selenium2Library">
<arg>id=square44</arg>
<doc>Simulates hovering the mouse over the element ``locator``.</doc>
<msg timestamp="20211003 15:09:21.908" level="INFO">Simulating Mouse Over on element 'id=square44'.</msg>
<status status="PASS" starttime="20211003 15:09:21.908" endtime="20211003 15:09:22.186"/>
</kw>
<kw name="Mouse Over" library="Selenium2Library">
<arg>id=square45</arg>
<doc>Simulates hovering the mouse over the element ``locator``.</doc>
<msg timestamp="20211003 15:09:22.187" level="INFO">Simulating Mouse Over on element 'id=square45'.</msg>
<status status="PASS" starttime="20211003 15:09:22.186" endtime="20211003 15:09:22.465"/>
</kw>
<kw name="Mouse Over" library="Selenium2Library">
<arg>id=square46</arg>
<doc>Simulates hovering the mouse over the element ``locator``.</doc>
<msg timestamp="20211003 15:09:22.466" level="INFO">Simulating Mouse Over on element 'id=square46'.</msg>
<status status="PASS" starttime="20211003 15:09:22.465" endtime="20211003 15:09:22.732"/>
</kw>
<kw name="Mouse Over" library="Selenium2Library">
<arg>id=square47</arg>
<doc>Simulates hovering the mouse over the element ``locator``.</doc>
<msg timestamp="20211003 15:09:22.732" level="INFO">Simulating Mouse Over on element 'id=square47'.</msg>
<status status="PASS" starttime="20211003 15:09:22.732" endtime="20211003 15:09:22.998"/>
</kw>
<kw name="Mouse Over" library="Selenium2Library">
<arg>id=square48</arg>
<doc>Simulates hovering the mouse over the element ``locator``.</doc>
<msg timestamp="20211003 15:09:22.999" level="INFO">Simulating Mouse Over on element 'id=square48'.</msg>
<status status="PASS" starttime="20211003 15:09:22.999" endtime="20211003 15:09:23.277"/>
</kw>
<kw name="Mouse Over" library="Selenium2Library">
<arg>id=square49</arg>
<doc>Simulates hovering the mouse over the element ``locator``.</doc>
<msg timestamp="20211003 15:09:23.277" level="INFO">Simulating Mouse Over on element 'id=square49'.</msg>
<status status="PASS" starttime="20211003 15:09:23.277" endtime="20211003 15:09:23.556"/>
</kw>
<kw name="Mouse Over" library="Selenium2Library">
<arg>id=square50</arg>
<doc>Simulates hovering the mouse over the element ``locator``.</doc>
<msg timestamp="20211003 15:09:23.556" level="INFO">Simulating Mouse Over on element 'id=square50'.</msg>
<status status="PASS" starttime="20211003 15:09:23.556" endtime="20211003 15:09:23.836"/>
</kw>
<kw name="Mouse Over" library="Selenium2Library">
<arg>id=square51</arg>
<doc>Simulates hovering the mouse over the element ``locator``.</doc>
<msg timestamp="20211003 15:09:23.836" level="INFO">Simulating Mouse Over on element 'id=square51'.</msg>
<status status="PASS" starttime="20211003 15:09:23.836" endtime="20211003 15:09:24.103"/>
</kw>
<kw name="Mouse Over" library="Selenium2Library">
<arg>id=square52</arg>
<doc>Simulates hovering the mouse over the element ``locator``.</doc>
<msg timestamp="20211003 15:09:24.103" level="INFO">Simulating Mouse Over on element 'id=square52'.</msg>
<status status="PASS" starttime="20211003 15:09:24.103" endtime="20211003 15:09:24.382"/>
</kw>
<kw name="Mouse Over" library="Selenium2Library">
<arg>id=square53</arg>
<doc>Simulates hovering the mouse over the element ``locator``.</doc>
<msg timestamp="20211003 15:09:24.382" level="INFO">Simulating Mouse Over on element 'id=square53'.</msg>
<status status="PASS" starttime="20211003 15:09:24.382" endtime="20211003 15:09:24.660"/>
</kw>
<kw name="Mouse Over" library="Selenium2Library">
<arg>id=square54</arg>
<doc>Simulates hovering the mouse over the element ``locator``.</doc>
<msg timestamp="20211003 15:09:24.661" level="INFO">Simulating Mouse Over on element 'id=square54'.</msg>
<status status="PASS" starttime="20211003 15:09:24.660" endtime="20211003 15:09:24.940"/>
</kw>
<kw name="Mouse Over" library="Selenium2Library">
<arg>id=square55</arg>
<doc>Simulates hovering the mouse over the element ``locator``.</doc>
<msg timestamp="20211003 15:09:24.941" level="INFO">Simulating Mouse Over on element 'id=square55'.</msg>
<status status="PASS" starttime="20211003 15:09:24.940" endtime="20211003 15:09:25.207"/>
</kw>
<kw name="Mouse Over" library="Selenium2Library">
<arg>id=square56</arg>
<doc>Simulates hovering the mouse over the element ``locator``.</doc>
<msg timestamp="20211003 15:09:25.208" level="INFO">Simulating Mouse Over on element 'id=square56'.</msg>
<status status="PASS" starttime="20211003 15:09:25.207" endtime="20211003 15:09:25.487"/>
</kw>
<kw name="Mouse Over" library="Selenium2Library">
<arg>id=square57</arg>
<doc>Simulates hovering the mouse over the element ``locator``.</doc>
<msg timestamp="20211003 15:09:25.488" level="INFO">Simulating Mouse Over on element 'id=square57'.</msg>
<status status="PASS" starttime="20211003 15:09:25.487" endtime="20211003 15:09:25.765"/>
</kw>
<kw name="Mouse Over" library="Selenium2Library">
<arg>id=square58</arg>
<doc>Simulates hovering the mouse over the element ``locator``.</doc>
<msg timestamp="20211003 15:09:25.766" level="INFO">Simulating Mouse Over on element 'id=square58'.</msg>
<status status="PASS" starttime="20211003 15:09:25.765" endtime="20211003 15:09:26.031"/>
</kw>
<kw name="Mouse Over" library="Selenium2Library">
<arg>id=square59</arg>
<doc>Simulates hovering the mouse over the element ``locator``.</doc>
<msg timestamp="20211003 15:09:26.031" level="INFO">Simulating Mouse Over on element 'id=square59'.</msg>
<status status="PASS" starttime="20211003 15:09:26.031" endtime="20211003 15:09:26.309"/>
</kw>
<kw name="Mouse Over" library="Selenium2Library">
<arg>id=square60</arg>
<doc>Simulates hovering the mouse over the element ``locator``.</doc>
<msg timestamp="20211003 15:09:26.309" level="INFO">Simulating Mouse Over on element 'id=square60'.</msg>
<status status="PASS" starttime="20211003 15:09:26.309" endtime="20211003 15:09:26.576"/>
</kw>
<kw name="Mouse Over" library="Selenium2Library">
<arg>id=square61</arg>
<doc>Simulates hovering the mouse over the element ``locator``.</doc>
<msg timestamp="20211003 15:09:26.576" level="INFO">Simulating Mouse Over on element 'id=square61'.</msg>
<status status="PASS" starttime="20211003 15:09:26.576" endtime="20211003 15:09:26.841"/>
</kw>
<kw name="Mouse Over" library="Selenium2Library">
<arg>id=square62</arg>
<doc>Simulates hovering the mouse over the element ``locator``.</doc>
<msg timestamp="20211003 15:09:26.841" level="INFO">Simulating Mouse Over on element 'id=square62'.</msg>
<status status="PASS" starttime="20211003 15:09:26.841" endtime="20211003 15:09:27.119"/>
</kw>
<kw name="Mouse Over" library="Selenium2Library">
<arg>id=square63</arg>
<doc>Simulates hovering the mouse over the element ``locator``.</doc>
<msg timestamp="20211003 15:09:27.119" level="INFO">Simulating Mouse Over on element 'id=square63'.</msg>
<status status="PASS" starttime="20211003 15:09:27.119" endtime="20211003 15:09:27.397"/>
</kw>
<kw name="Mouse Over" library="Selenium2Library">
<arg>id=square64</arg>
<doc>Simulates hovering the mouse over the element ``locator``.</doc>
<msg timestamp="20211003 15:09:27.397" level="INFO">Simulating Mouse Over on element 'id=square64'.</msg>
<status status="PASS" starttime="20211003 15:09:27.397" endtime="20211003 15:09:27.664"/>
</kw>
<kw name="Mouse Over" library="Selenium2Library">
<arg>id=square65</arg>
<doc>Simulates hovering the mouse over the element ``locator``.</doc>
<msg timestamp="20211003 15:09:27.664" level="INFO">Simulating Mouse Over on element 'id=square65'.</msg>
<status status="PASS" starttime="20211003 15:09:27.664" endtime="20211003 15:09:27.944"/>
</kw>
<kw name="Mouse Over" library="Selenium2Library">
<arg>id=square66</arg>
<doc>Simulates hovering the mouse over the element ``locator``.</doc>
<msg timestamp="20211003 15:09:27.944" level="INFO">Simulating Mouse Over on element 'id=square66'.</msg>
<status status="PASS" starttime="20211003 15:09:27.944" endtime="20211003 15:09:28.222"/>
</kw>
<kw name="Mouse Over" library="Selenium2Library">
<arg>id=square67</arg>
<doc>Simulates hovering the mouse over the element ``locator``.</doc>
<msg timestamp="20211003 15:09:28.223" level="INFO">Simulating Mouse Over on element 'id=square67'.</msg>
<status status="PASS" starttime="20211003 15:09:28.222" endtime="20211003 15:09:28.501"/>
</kw>
<kw name="Mouse Over" library="Selenium2Library">
<arg>id=square68</arg>
<doc>Simulates hovering the mouse over the element ``locator``.</doc>
<msg timestamp="20211003 15:09:28.501" level="INFO">Simulating Mouse Over on element 'id=square68'.</msg>
<status status="PASS" starttime="20211003 15:09:28.501" endtime="20211003 15:09:28.781"/>
</kw>
<kw name="Mouse Over" library="Selenium2Library">
<arg>id=square69</arg>
<doc>Simulates hovering the mouse over the element ``locator``.</doc>
<msg timestamp="20211003 15:09:28.781" level="INFO">Simulating Mouse Over on element 'id=square69'.</msg>
<status status="PASS" starttime="20211003 15:09:28.781" endtime="20211003 15:09:29.047"/>
</kw>
<kw name="Mouse Over" library="Selenium2Library">
<arg>id=square70</arg>
<doc>Simulates hovering the mouse over the element ``locator``.</doc>
<msg timestamp="20211003 15:09:29.047" level="INFO">Simulating Mouse Over on element 'id=square70'.</msg>
<status status="PASS" starttime="20211003 15:09:29.047" endtime="20211003 15:09:29.325"/>
</kw>
<kw name="Mouse Over" library="Selenium2Library">
<arg>id=square71</arg>
<doc>Simulates hovering the mouse over the element ``locator``.</doc>
<msg timestamp="20211003 15:09:29.325" level="INFO">Simulating Mouse Over on element 'id=square71'.</msg>
<status status="PASS" starttime="20211003 15:09:29.325" endtime="20211003 15:09:29.604"/>
</kw>
<kw name="Mouse Over" library="Selenium2Library">
<arg>id=square72</arg>
<doc>Simulates hovering the mouse over the element ``locator``.</doc>
<msg timestamp="20211003 15:09:29.604" level="INFO">Simulating Mouse Over on element 'id=square72'.</msg>
<status status="PASS" starttime="20211003 15:09:29.604" endtime="20211003 15:09:29.883"/>
</kw>
<kw name="Mouse Over" library="Selenium2Library">
<arg>id=square73</arg>
<doc>Simulates hovering the mouse over the element ``locator``.</doc>
<msg timestamp="20211003 15:09:29.883" level="INFO">Simulating Mouse Over on element 'id=square73'.</msg>
<status status="PASS" starttime="20211003 15:09:29.883" endtime="20211003 15:09:30.151"/>
</kw>
<kw name="Mouse Over" library="Selenium2Library">
<arg>id=square74</arg>
<doc>Simulates hovering the mouse over the element ``locator``.</doc>
<msg timestamp="20211003 15:09:30.151" level="INFO">Simulating Mouse Over on element 'id=square74'.</msg>
<status status="PASS" starttime="20211003 15:09:30.151" endtime="20211003 15:09:30.429"/>
</kw>
<kw name="Mouse Over" library="Selenium2Library">
<arg>id=square75</arg>
<doc>Simulates hovering the mouse over the element ``locator``.</doc>
<msg timestamp="20211003 15:09:30.429" level="INFO">Simulating Mouse Over on element 'id=square75'.</msg>
<status status="PASS" starttime="20211003 15:09:30.429" endtime="20211003 15:09:30.708"/>
</kw>
<kw name="Mouse Over" library="Selenium2Library">
<arg>id=square76</arg>
<doc>Simulates hovering the mouse over the element ``locator``.</doc>
<msg timestamp="20211003 15:09:30.708" level="INFO">Simulating Mouse Over on element 'id=square76'.</msg>
<status status="PASS" starttime="20211003 15:09:30.708" endtime="20211003 15:09:30.987"/>
</kw>
<kw name="Mouse Over" library="Selenium2Library">
<arg>id=square77</arg>
<doc>Simulates hovering the mouse over the element ``locator``.</doc>
<msg timestamp="20211003 15:09:30.987" level="INFO">Simulating Mouse Over on element 'id=square77'.</msg>
<status status="PASS" starttime="20211003 15:09:30.987" endtime="20211003 15:09:31.255"/>
</kw>
<kw name="Mouse Over" library="Selenium2Library">
<arg>id=square78</arg>
<doc>Simulates hovering the mouse over the element ``locator``.</doc>
<msg timestamp="20211003 15:09:31.255" level="INFO">Simulating Mouse Over on element 'id=square78'.</msg>
<status status="PASS" starttime="20211003 15:09:31.255" endtime="20211003 15:09:31.535"/>
</kw>
<kw name="Mouse Over" library="Selenium2Library">
<arg>id=square79</arg>
<doc>Simulates hovering the mouse over the element ``locator``.</doc>
<msg timestamp="20211003 15:09:31.535" level="INFO">Simulating Mouse Over on element 'id=square79'.</msg>
<status status="PASS" starttime="20211003 15:09:31.535" endtime="20211003 15:09:31.813"/>
</kw>
<kw name="Mouse Over" library="Selenium2Library">
<arg>id=square80</arg>
<doc>Simulates hovering the mouse over the element ``locator``.</doc>
<msg timestamp="20211003 15:09:31.813" level="INFO">Simulating Mouse Over on element 'id=square80'.</msg>
<status status="PASS" starttime="20211003 15:09:31.813" endtime="20211003 15:09:32.092"/>
</kw>
<kw name="Mouse Over" library="Selenium2Library">
<arg>id=square81</arg>
<doc>Simulates hovering the mouse over the element ``locator``.</doc>
<msg timestamp="20211003 15:09:32.093" level="INFO">Simulating Mouse Over on element 'id=square81'.</msg>
<status status="PASS" starttime="20211003 15:09:32.092" endtime="20211003 15:09:32.356"/>
</kw>
<kw name="Mouse Over" library="Selenium2Library">
<arg>id=square82</arg>
<doc>Simulates hovering the mouse over the element ``locator``.</doc>
<msg timestamp="20211003 15:09:32.356" level="INFO">Simulating Mouse Over on element 'id=square82'.</msg>
<status status="PASS" starttime="20211003 15:09:32.356" endtime="20211003 15:09:32.626"/>
</kw>
<status status="PASS" starttime="20211003 15:09:10.173" endtime="20211003 15:09:32.626"/>
</kw>
<kw name="Click Each Element">
<kw name="Click Element" library="Selenium2Library">
<arg>id=square1</arg>
<doc>Click the element identified by ``locator``.</doc>
<msg timestamp="20211003 15:09:32.627" level="INFO">Clicking element 'id=square1'.</msg>
<status status="PASS" starttime="20211003 15:09:32.627" endtime="20211003 15:09:32.655"/>
</kw>
<kw name="Click Element At Coordinates" library="Selenium2Library">
<arg>id=square2</arg>
<arg>0</arg>
<arg>0</arg>
<doc>Click the element ``locator`` at ``xoffset/yoffset``.</doc>
<msg timestamp="20211003 15:09:32.655" level="INFO">Clicking element 'id=square2' at coordinates x=0, y=0.</msg>
<status status="PASS" starttime="20211003 15:09:32.655" endtime="20211003 15:09:33.202"/>
</kw>
<kw name="Click Element" library="Selenium2Library">
<arg>id=square3</arg>
<doc>Click the element identified by ``locator``.</doc>
<msg timestamp="20211003 15:09:33.202" level="INFO">Clicking element 'id=square3'.</msg>
<status status="PASS" starttime="20211003 15:09:33.202" endtime="20211003 15:09:33.223"/>
</kw>
<kw name="Click Element" library="Selenium2Library">
<arg>id=square4</arg>
<doc>Click the element identified by ``locator``.</doc>
<msg timestamp="20211003 15:09:33.224" level="INFO">Clicking element 'id=square4'.</msg>
<status status="PASS" starttime="20211003 15:09:33.223" endtime="20211003 15:09:33.244"/>
</kw>
<kw name="Click Element" library="Selenium2Library">
<arg>id=square5</arg>
<doc>Click the element identified by ``locator``.</doc>
<msg timestamp="20211003 15:09:33.245" level="INFO">Clicking element 'id=square5'.</msg>
<status status="PASS" starttime="20211003 15:09:33.244" endtime="20211003 15:09:33.266"/>
</kw>
<kw name="Click Element" library="Selenium2Library">
<arg>id=square6</arg>
<doc>Click the element identified by ``locator``.</doc>
<msg timestamp="20211003 15:09:33.266" level="INFO">Clicking element 'id=square6'.</msg>
<status status="PASS" starttime="20211003 15:09:33.266" endtime="20211003 15:09:33.286"/>
</kw>
<kw name="Click Element" library="Selenium2Library">
<arg>id=square7</arg>
<doc>Click the element identified by ``locator``.</doc>
<msg timestamp="20211003 15:09:33.286" level="INFO">Clicking element 'id=square7'.</msg>
<status status="PASS" starttime="20211003 15:09:33.286" endtime="20211003 15:09:33.306"/>
</kw>
<kw name="Click Element" library="Selenium2Library">
<arg>id=square8</arg>
<doc>Click the element identified by ``locator``.</doc>
<msg timestamp="20211003 15:09:33.307" level="INFO">Clicking element 'id=square8'.</msg>
<status status="PASS" starttime="20211003 15:09:33.307" endtime="20211003 15:09:33.327"/>
</kw>
<kw name="Click Element" library="Selenium2Library">
<arg>id=square9</arg>
<doc>Click the element identified by ``locator``.</doc>
<msg timestamp="20211003 15:09:33.328" level="INFO">Clicking element 'id=square9'.</msg>
<status status="PASS" starttime="20211003 15:09:33.327" endtime="20211003 15:09:33.348"/>
</kw>
<kw name="Click Element" library="Selenium2Library">
<arg>id=square10</arg>
<doc>Click the element identified by ``locator``.</doc>
<msg timestamp="20211003 15:09:33.348" level="INFO">Clicking element 'id=square10'.</msg>
<status status="PASS" starttime="20211003 15:09:33.348" endtime="20211003 15:09:33.369"/>
</kw>
<kw name="Click Element" library="Selenium2Library">
<arg>id=square11</arg>
<doc>Click the element identified by ``locator``.</doc>
<msg timestamp="20211003 15:09:33.369" level="INFO">Clicking element 'id=square11'.</msg>
<status status="PASS" starttime="20211003 15:09:33.369" endtime="20211003 15:09:33.390"/>
</kw>
<kw name="Click Element" library="Selenium2Library">
<arg>id=square12</arg>
<doc>Click the element identified by ``locator``.</doc>
<msg timestamp="20211003 15:09:33.390" level="INFO">Clicking element 'id=square12'.</msg>
<status status="PASS" starttime="20211003 15:09:33.390" endtime="20211003 15:09:33.412"/>
</kw>
<kw name="Click Element" library="Selenium2Library">
<arg>id=square13</arg>
<doc>Click the element identified by ``locator``.</doc>
<msg timestamp="20211003 15:09:33.412" level="INFO">Clicking element 'id=square13'.</msg>
<status status="PASS" starttime="20211003 15:09:33.412" endtime="20211003 15:09:33.433"/>
</kw>
<kw name="Click Element" library="Selenium2Library">
<arg>id=square14</arg>
<doc>Click the element identified by ``locator``.</doc>
<msg timestamp="20211003 15:09:33.433" level="INFO">Clicking element 'id=square14'.</msg>
<status status="PASS" starttime="20211003 15:09:33.433" endtime="20211003 15:09:33.452"/>
</kw>
<kw name="Click Element" library="Selenium2Library">
<arg>id=square15</arg>
<doc>Click the element identified by ``locator``.</doc>
<msg timestamp="20211003 15:09:33.453" level="INFO">Clicking element 'id=square15'.</msg>
<status status="PASS" starttime="20211003 15:09:33.453" endtime="20211003 15:09:33.473"/>
</kw>
<kw name="Click Element" library="Selenium2Library">
<arg>id=square16</arg>
<doc>Click the element identified by ``locator``.</doc>
<msg timestamp="20211003 15:09:33.474" level="INFO">Clicking element 'id=square16'.</msg>
<status status="PASS" starttime="20211003 15:09:33.473" endtime="20211003 15:09:33.494"/>
</kw>
<kw name="Click Element" library="Selenium2Library">
<arg>id=square17</arg>
<doc>Click the element identified by ``locator``.</doc>
<msg timestamp="20211003 15:09:33.494" level="INFO">Clicking element 'id=square17'.</msg>
<status status="PASS" starttime="20211003 15:09:33.494" endtime="20211003 15:09:33.514"/>
</kw>
<kw name="Click Element" library="Selenium2Library">
<arg>id=square18</arg>
<doc>Click the element identified by ``locator``.</doc>
<msg timestamp="20211003 15:09:33.515" level="INFO">Clicking element 'id=square18'.</msg>
<status status="PASS" starttime="20211003 15:09:33.515" endtime="20211003 15:09:33.535"/>
</kw>
<kw name="Click Element" library="Selenium2Library">
<arg>id=square19</arg>
<doc>Click the element identified by ``locator``.</doc>
<msg timestamp="20211003 15:09:33.535" level="INFO">Clicking element 'id=square19'.</msg>
<status status="PASS" starttime="20211003 15:09:33.535" endtime="20211003 15:09:33.556"/>
</kw>
<kw name="Click Element" library="Selenium2Library">
<arg>id=square20</arg>
<doc>Click the element identified by ``locator``.</doc>
<msg timestamp="20211003 15:09:33.556" level="INFO">Clicking element 'id=square20'.</msg>
<status status="PASS" starttime="20211003 15:09:33.556" endtime="20211003 15:09:33.576"/>
</kw>
<kw name="Click Element" library="Selenium2Library">
<arg>id=square21</arg>
<doc>Click the element identified by ``locator``.</doc>
<msg timestamp="20211003 15:09:33.576" level="INFO">Clicking element 'id=square21'.</msg>
<status status="PASS" starttime="20211003 15:09:33.576" endtime="20211003 15:09:33.597"/>
</kw>
<kw name="Click Element" library="Selenium2Library">
<arg>id=square22</arg>
<doc>Click the element identified by ``locator``.</doc>
<msg timestamp="20211003 15:09:33.598" level="INFO">Clicking element 'id=square22'.</msg>
<status status="PASS" starttime="20211003 15:09:33.597" endtime="20211003 15:09:33.619"/>
</kw>
<kw name="Click Element" library="Selenium2Library">
<arg>id=square23</arg>
<doc>Click the element identified by ``locator``.</doc>
<msg timestamp="20211003 15:09:33.620" level="INFO">Clicking element 'id=square23'.</msg>
<status status="PASS" starttime="20211003 15:09:33.620" endtime="20211003 15:09:33.641"/>
</kw>
<kw name="Click Element" library="Selenium2Library">
<arg>id=square24</arg>
<doc>Click the element identified by ``locator``.</doc>
<msg timestamp="20211003 15:09:33.641" level="INFO">Clicking element 'id=square24'.</msg>
<status status="PASS" starttime="20211003 15:09:33.641" endtime="20211003 15:09:33.663"/>
</kw>
<kw name="Click Element" library="Selenium2Library">
<arg>id=square25</arg>
<doc>Click the element identified by ``locator``.</doc>
<msg timestamp="20211003 15:09:33.663" level="INFO">Clicking element 'id=square25'.</msg>
<status status="PASS" starttime="20211003 15:09:33.663" endtime="20211003 15:09:33.684"/>
</kw>
<kw name="Click Element" library="Selenium2Library">
<arg>id=square26</arg>
<doc>Click the element identified by ``locator``.</doc>
<msg timestamp="20211003 15:09:33.685" level="INFO">Clicking element 'id=square26'.</msg>
<status status="PASS" starttime="20211003 15:09:33.684" endtime="20211003 15:09:33.706"/>
</kw>
<kw name="Click Element" library="Selenium2Library">
<arg>id=square27</arg>
<doc>Click the element identified by ``locator``.</doc>
<msg timestamp="20211003 15:09:33.706" level="INFO">Clicking element 'id=square27'.</msg>
<status status="PASS" starttime="20211003 15:09:33.706" endtime="20211003 15:09:33.727"/>
</kw>
<kw name="Click Element" library="Selenium2Library">
<arg>id=square28</arg>
<doc>Click the element identified by ``locator``.</doc>
<msg timestamp="20211003 15:09:33.727" level="INFO">Clicking element 'id=square28'.</msg>
<status status="PASS" starttime="20211003 15:09:33.727" endtime="20211003 15:09:33.748"/>
</kw>
<kw name="Click Element" library="Selenium2Library">
<arg>id=square29</arg>
<doc>Click the element identified by ``locator``.</doc>
<msg timestamp="20211003 15:09:33.748" level="INFO">Clicking element 'id=square29'.</msg>
<status status="PASS" starttime="20211003 15:09:33.748" endtime="20211003 15:09:33.768"/>
</kw>
<kw name="Click Element" library="Selenium2Library">
<arg>id=square30</arg>
<doc>Click the element identified by ``locator``.</doc>
<msg timestamp="20211003 15:09:33.769" level="INFO">Clicking element 'id=square30'.</msg>
<status status="PASS" starttime="20211003 15:09:33.768" endtime="20211003 15:09:33.790"/>
</kw>
<kw name="Click Element" library="Selenium2Library">
<arg>id=square31</arg>
<doc>Click the element identified by ``locator``.</doc>
<msg timestamp="20211003 15:09:33.790" level="INFO">Clicking element 'id=square31'.</msg>
<status status="PASS" starttime="20211003 15:09:33.790" endtime="20211003 15:09:33.811"/>
</kw>
<kw name="Click Element" library="Selenium2Library">
<arg>id=square32</arg>
<doc>Click the element identified by ``locator``.</doc>
<msg timestamp="20211003 15:09:33.811" level="INFO">Clicking element 'id=square32'.</msg>
<status status="PASS" starttime="20211003 15:09:33.811" endtime="20211003 15:09:33.834"/>
</kw>
<kw name="Click Element" library="Selenium2Library">
<arg>id=square33</arg>
<doc>Click the element identified by ``locator``.</doc>
<msg timestamp="20211003 15:09:33.835" level="INFO">Clicking element 'id=square33'.</msg>
<status status="PASS" starttime="20211003 15:09:33.835" endtime="20211003 15:09:33.855"/>
</kw>
<kw name="Click Element" library="Selenium2Library">
<arg>id=square34</arg>
<doc>Click the element identified by ``locator``.</doc>
<msg timestamp="20211003 15:09:33.855" level="INFO">Clicking element 'id=square34'.</msg>
<status status="PASS" starttime="20211003 15:09:33.855" endtime="20211003 15:09:33.875"/>
</kw>
<kw name="Click Element" library="Selenium2Library">
<arg>id=square35</arg>
<doc>Click the element identified by ``locator``.</doc>
<msg timestamp="20211003 15:09:33.875" level="INFO">Clicking element 'id=square35'.</msg>
<status status="PASS" starttime="20211003 15:09:33.875" endtime="20211003 15:09:33.895"/>
</kw>
<kw name="Click Element" library="Selenium2Library">
<arg>id=square36</arg>
<doc>Click the element identified by ``locator``.</doc>
<msg timestamp="20211003 15:09:33.895" level="INFO">Clicking element 'id=square36'.</msg>
<status status="PASS" starttime="20211003 15:09:33.895" endtime="20211003 15:09:33.916"/>
</kw>
<kw name="Click Element" library="Selenium2Library">
<arg>id=square37</arg>
<doc>Click the element identified by ``locator``.</doc>
<msg timestamp="20211003 15:09:33.916" level="INFO">Clicking element 'id=square37'.</msg>
<status status="PASS" starttime="20211003 15:09:33.916" endtime="20211003 15:09:33.936"/>
</kw>
<kw name="Click Element" library="Selenium2Library">
<arg>id=square38</arg>
<doc>Click the element identified by ``locator``.</doc>
<msg timestamp="20211003 15:09:33.936" level="INFO">Clicking element 'id=square38'.</msg>
<status status="PASS" starttime="20211003 15:09:33.936" endtime="20211003 15:09:33.956"/>
</kw>
<kw name="Click Element" library="Selenium2Library">
<arg>id=square39</arg>
<doc>Click the element identified by ``locator``.</doc>
<msg timestamp="20211003 15:09:33.957" level="INFO">Clicking element 'id=square39'.</msg>
<status status="PASS" starttime="20211003 15:09:33.956" endtime="20211003 15:09:33.977"/>
</kw>
<kw name="Click Element" library="Selenium2Library">
<arg>id=square40</arg>
<doc>Click the element identified by ``locator``.</doc>
<msg timestamp="20211003 15:09:33.978" level="INFO">Clicking element 'id=square40'.</msg>
<status status="PASS" starttime="20211003 15:09:33.978" endtime="20211003 15:09:33.997"/>
</kw>
<kw name="Click Element" library="Selenium2Library">
<arg>id=square41</arg>
<doc>Click the element identified by ``locator``.</doc>
<msg timestamp="20211003 15:09:33.998" level="INFO">Clicking element 'id=square41'.</msg>
<status status="PASS" starttime="20211003 15:09:33.997" endtime="20211003 15:09:34.017"/>
</kw>
<kw name="Click Element" library="Selenium2Library">
<arg>id=square42</arg>
<doc>Click the element identified by ``locator``.</doc>
<msg timestamp="20211003 15:09:34.018" level="INFO">Clicking element 'id=square42'.</msg>
<status status="PASS" starttime="20211003 15:09:34.017" endtime="20211003 15:09:34.038"/>
</kw>
<kw name="Click Element" library="Selenium2Library">
<arg>id=square43</arg>
<doc>Click the element identified by ``locator``.</doc>
<msg timestamp="20211003 15:09:34.038" level="INFO">Clicking element 'id=square43'.</msg>
<status status="PASS" starttime="20211003 15:09:34.038" endtime="20211003 15:09:34.058"/>
</kw>
<kw name="Click Element" library="Selenium2Library">
<arg>id=square44</arg>
<doc>Click the element identified by ``locator``.</doc>
<msg timestamp="20211003 15:09:34.058" level="INFO">Clicking element 'id=square44'.</msg>
<status status="PASS" starttime="20211003 15:09:34.058" endtime="20211003 15:09:34.079"/>
</kw>
<kw name="Click Element" library="Selenium2Library">
<arg>id=square45</arg>
<doc>Click the element identified by ``locator``.</doc>
<msg timestamp="20211003 15:09:34.080" level="INFO">Clicking element 'id=square45'.</msg>
<status status="PASS" starttime="20211003 15:09:34.079" endtime="20211003 15:09:34.100"/>
</kw>
<kw name="Click Element" library="Selenium2Library">
<arg>id=square46</arg>
<doc>Click the element identified by ``locator``.</doc>
<msg timestamp="20211003 15:09:34.100" level="INFO">Clicking element 'id=square46'.</msg>
<status status="PASS" starttime="20211003 15:09:34.100" endtime="20211003 15:09:34.120"/>
</kw>
<kw name="Click Element" library="Selenium2Library">
<arg>id=square47</arg>
<doc>Click the element identified by ``locator``.</doc>
<msg timestamp="20211003 15:09:34.121" level="INFO">Clicking element 'id=square47'.</msg>
<status status="PASS" starttime="20211003 15:09:34.120" endtime="20211003 15:09:34.142"/>
</kw>
<kw name="Click Element" library="Selenium2Library">
<arg>id=square48</arg>
<doc>Click the element identified by ``locator``.</doc>
<msg timestamp="20211003 15:09:34.142" level="INFO">Clicking element 'id=square48'.</msg>
<status status="PASS" starttime="20211003 15:09:34.142" endtime="20211003 15:09:34.163"/>
</kw>
<kw name="Click Element" library="Selenium2Library">
<arg>id=square49</arg>
<doc>Click the element identified by ``locator``.</doc>
<msg timestamp="20211003 15:09:34.163" level="INFO">Clicking element 'id=square49'.</msg>
<status status="PASS" starttime="20211003 15:09:34.163" endtime="20211003 15:09:34.183"/>
</kw>
<kw name="Click Element" library="Selenium2Library">
<arg>id=square50</arg>
<doc>Click the element identified by ``locator``.</doc>
<msg timestamp="20211003 15:09:34.183" level="INFO">Clicking element 'id=square50'.</msg>
<status status="PASS" starttime="20211003 15:09:34.183" endtime="20211003 15:09:34.204"/>
</kw>
<kw name="Click Element" library="Selenium2Library">
<arg>id=square51</arg>
<doc>Click the element identified by ``locator``.</doc>
<msg timestamp="20211003 15:09:34.204" level="INFO">Clicking element 'id=square51'.</msg>
<status status="PASS" starttime="20211003 15:09:34.204" endtime="20211003 15:09:34.224"/>
</kw>
<kw name="Click Element" library="Selenium2Library">
<arg>id=square52</arg>
<doc>Click the element identified by ``locator``.</doc>
<msg timestamp="20211003 15:09:34.225" level="INFO">Clicking element 'id=square52'.</msg>
<status status="PASS" starttime="20211003 15:09:34.225" endtime="20211003 15:09:34.247"/>
</kw>
<kw name="Click Element" library="Selenium2Library">
<arg>id=square53</arg>
<doc>Click the element identified by ``locator``.</doc>
<msg timestamp="20211003 15:09:34.248" level="INFO">Clicking element 'id=square53'.</msg>
<status status="PASS" starttime="20211003 15:09:34.248" endtime="20211003 15:09:34.268"/>
</kw>
<kw name="Click Element" library="Selenium2Library">
<arg>id=square54</arg>
<doc>Click the element identified by ``locator``.</doc>
<msg timestamp="20211003 15:09:34.268" level="INFO">Clicking element 'id=square54'.</msg>
<status status="PASS" starttime="20211003 15:09:34.268" endtime="20211003 15:09:34.288"/>
</kw>
<kw name="Click Element" library="Selenium2Library">
<arg>id=square55</arg>
<doc>Click the element identified by ``locator``.</doc>
<msg timestamp="20211003 15:09:34.289" level="INFO">Clicking element 'id=square55'.</msg>
<status status="PASS" starttime="20211003 15:09:34.288" endtime="20211003 15:09:34.309"/>
</kw>
<kw name="Click Element" library="Selenium2Library">
<arg>id=square56</arg>
<doc>Click the element identified by ``locator``.</doc>
<msg timestamp="20211003 15:09:34.309" level="INFO">Clicking element 'id=square56'.</msg>
<status status="PASS" starttime="20211003 15:09:34.309" endtime="20211003 15:09:34.330"/>
</kw>
<kw name="Click Element" library="Selenium2Library">
<arg>id=square57</arg>
<doc>Click the element identified by ``locator``.</doc>
<msg timestamp="20211003 15:09:34.331" level="INFO">Clicking element 'id=square57'.</msg>
<status status="PASS" starttime="20211003 15:09:34.330" endtime="20211003 15:09:34.351"/>
</kw>
<kw name="Click Element" library="Selenium2Library">
<arg>id=square58</arg>
<doc>Click the element identified by ``locator``.</doc>
<msg timestamp="20211003 15:09:34.351" level="INFO">Clicking element 'id=square58'.</msg>
<status status="PASS" starttime="20211003 15:09:34.351" endtime="20211003 15:09:34.371"/>
</kw>
<kw name="Click Element" library="Selenium2Library">
<arg>id=square59</arg>
<doc>Click the element identified by ``locator``.</doc>
<msg timestamp="20211003 15:09:34.372" level="INFO">Clicking element 'id=square59'.</msg>
<status status="PASS" starttime="20211003 15:09:34.372" endtime="20211003 15:09:34.393"/>
</kw>
<kw name="Click Element" library="Selenium2Library">
<arg>id=square60</arg>
<doc>Click the element identified by ``locator``.</doc>
<msg timestamp="20211003 15:09:34.393" level="INFO">Clicking element 'id=square60'.</msg>
<status status="PASS" starttime="20211003 15:09:34.393" endtime="20211003 15:09:34.414"/>
</kw>
<kw name="Click Element" library="Selenium2Library">
<arg>id=square61</arg>
<doc>Click the element identified by ``locator``.</doc>
<msg timestamp="20211003 15:09:34.414" level="INFO">Clicking element 'id=square61'.</msg>
<status status="PASS" starttime="20211003 15:09:34.414" endtime="20211003 15:09:34.435"/>
</kw>
<kw name="Click Element" library="Selenium2Library">
<arg>id=square62</arg>
<doc>Click the element identified by ``locator``.</doc>
<msg timestamp="20211003 15:09:34.435" level="INFO">Clicking element 'id=square62'.</msg>
<status status="PASS" starttime="20211003 15:09:34.435" endtime="20211003 15:09:34.455"/>
</kw>
<kw name="Click Element" library="Selenium2Library">
<arg>id=square63</arg>
<doc>Click the element identified by ``locator``.</doc>
<msg timestamp="20211003 15:09:34.456" level="INFO">Clicking element 'id=square63'.</msg>
<status status="PASS" starttime="20211003 15:09:34.456" endtime="20211003 15:09:34.477"/>
</kw>
<kw name="Click Element" library="Selenium2Library">
<arg>id=square64</arg>
<doc>Click the element identified by ``locator``.</doc>
<msg timestamp="20211003 15:09:34.477" level="INFO">Clicking element 'id=square64'.</msg>
<status status="PASS" starttime="20211003 15:09:34.477" endtime="20211003 15:09:34.498"/>
</kw>
<kw name="Click Element" library="Selenium2Library">
<arg>id=square65</arg>
<doc>Click the element identified by ``locator``.</doc>
<msg timestamp="20211003 15:09:34.498" level="INFO">Clicking element 'id=square65'.</msg>
<status status="PASS" starttime="20211003 15:09:34.498" endtime="20211003 15:09:34.518"/>
</kw>
<kw name="Click Element" library="Selenium2Library">
<arg>id=square66</arg>
<doc>Click the element identified by ``locator``.</doc>
<msg timestamp="20211003 15:09:34.519" level="INFO">Clicking element 'id=square66'.</msg>
<status status="PASS" starttime="20211003 15:09:34.518" endtime="20211003 15:09:34.539"/>
</kw>
<kw name="Click Element" library="Selenium2Library">
<arg>id=square67</arg>
<doc>Click the element identified by ``locator``.</doc>
<msg timestamp="20211003 15:09:34.540" level="INFO">Clicking element 'id=square67'.</msg>
<status status="PASS" starttime="20211003 15:09:34.539" endtime="20211003 15:09:34.561"/>
</kw>
<kw name="Click Element" library="Selenium2Library">
<arg>id=square68</arg>
<doc>Click the element identified by ``locator``.</doc>
<msg timestamp="20211003 15:09:34.561" level="INFO">Clicking element 'id=square68'.</msg>
<status status="PASS" starttime="20211003 15:09:34.561" endtime="20211003 15:09:34.582"/>
</kw>
<kw name="Click Element" library="Selenium2Library">
<arg>id=square69</arg>
<doc>Click the element identified by ``locator``.</doc>
<msg timestamp="20211003 15:09:34.582" level="INFO">Clicking element 'id=square69'.</msg>
<status status="PASS" starttime="20211003 15:09:34.582" endtime="20211003 15:09:34.602"/>
</kw>
<kw name="Click Element" library="Selenium2Library">
<arg>id=square70</arg>
<doc>Click the element identified by ``locator``.</doc>
<msg timestamp="20211003 15:09:34.603" level="INFO">Clicking element 'id=square70'.</msg>
<status status="PASS" starttime="20211003 15:09:34.602" endtime="20211003 15:09:34.623"/>
</kw>
<kw name="Click Element" library="Selenium2Library">
<arg>id=square71</arg>
<doc>Click the element identified by ``locator``.</doc>
<msg timestamp="20211003 15:09:34.623" level="INFO">Clicking element 'id=square71'.</msg>
<status status="PASS" starttime="20211003 15:09:34.623" endtime="20211003 15:09:34.645"/>
</kw>
<kw name="Click Element" library="Selenium2Library">
<arg>id=square72</arg>
<doc>Click the element identified by ``locator``.</doc>
<msg timestamp="20211003 15:09:34.645" level="INFO">Clicking element 'id=square72'.</msg>
<status status="PASS" starttime="20211003 15:09:34.645" endtime="20211003 15:09:34.667"/>
</kw>
<kw name="Click Element" library="Selenium2Library">
<arg>id=square73</arg>
<doc>Click the element identified by ``locator``.</doc>
<msg timestamp="20211003 15:09:34.668" level="INFO">Clicking element 'id=square73'.</msg>
<status status="PASS" starttime="20211003 15:09:34.667" endtime="20211003 15:09:34.689"/>
</kw>
<kw name="Click Element" library="Selenium2Library">
<arg>id=square74</arg>
<doc>Click the element identified by ``locator``.</doc>
<msg timestamp="20211003 15:09:34.689" level="INFO">Clicking element 'id=square74'.</msg>
<status status="PASS" starttime="20211003 15:09:34.689" endtime="20211003 15:09:34.709"/>
</kw>
<kw name="Click Element" library="Selenium2Library">
<arg>id=square75</arg>
<doc>Click the element identified by ``locator``.</doc>
<msg timestamp="20211003 15:09:34.710" level="INFO">Clicking element 'id=square75'.</msg>
<status status="PASS" starttime="20211003 15:09:34.709" endtime="20211003 15:09:34.730"/>
</kw>
<kw name="Click Element" library="Selenium2Library">
<arg>id=square76</arg>
<doc>Click the element identified by ``locator``.</doc>
<msg timestamp="20211003 15:09:34.730" level="INFO">Clicking element 'id=square76'.</msg>
<status status="PASS" starttime="20211003 15:09:34.730" endtime="20211003 15:09:34.751"/>
</kw>
<kw name="Click Element" library="Selenium2Library">
<arg>id=square77</arg>
<doc>Click the element identified by ``locator``.</doc>
<msg timestamp="20211003 15:09:34.751" level="INFO">Clicking element 'id=square77'.</msg>
<status status="PASS" starttime="20211003 15:09:34.751" endtime="20211003 15:09:34.771"/>
</kw>
<kw name="Click Element" library="Selenium2Library">
<arg>id=square78</arg>
<doc>Click the element identified by ``locator``.</doc>
<msg timestamp="20211003 15:09:34.771" level="INFO">Clicking element 'id=square78'.</msg>
<status status="PASS" starttime="20211003 15:09:34.771" endtime="20211003 15:09:34.792"/>
</kw>
<kw name="Click Element" library="Selenium2Library">
<arg>id=square79</arg>
<doc>Click the element identified by ``locator``.</doc>
<msg timestamp="20211003 15:09:34.792" level="INFO">Clicking element 'id=square79'.</msg>
<status status="PASS" starttime="20211003 15:09:34.792" endtime="20211003 15:09:34.812"/>
</kw>
<kw name="Click Element" library="Selenium2Library">
<arg>id=square80</arg>
<doc>Click the element identified by ``locator``.</doc>
<msg timestamp="20211003 15:09:34.813" level="INFO">Clicking element 'id=square80'.</msg>
<status status="PASS" starttime="20211003 15:09:34.812" endtime="20211003 15:09:34.833"/>
</kw>
<kw name="Click Element" library="Selenium2Library">
<arg>id=square81</arg>
<doc>Click the element identified by ``locator``.</doc>
<msg timestamp="20211003 15:09:34.833" level="INFO">Clicking element 'id=square81'.</msg>
<status status="PASS" starttime="20211003 15:09:34.833" endtime="20211003 15:09:34.854"/>
</kw>
<kw name="Click Element" library="Selenium2Library">
<arg>id=square82</arg>
<doc>Click the element identified by ``locator``.</doc>
<msg timestamp="20211003 15:09:34.855" level="INFO">Clicking element 'id=square82'.</msg>
<status status="PASS" starttime="20211003 15:09:34.854" endtime="20211003 15:09:34.875"/>
</kw>
<kw name="Close Browser" library="Selenium2Library">
<doc>Closes the current browser.</doc>
<status status="PASS" starttime="20211003 15:09:34.875" endtime="20211003 15:09:36.963"/>
</kw>
<status status="PASS" starttime="20211003 15:09:32.626" endtime="20211003 15:09:36.963"/>
</kw>
<status status="PASS" starttime="20211003 15:09:10.173" endtime="20211003 15:09:36.963"/>
</kw>
<status status="PASS" starttime="20211003 15:09:08.772" endtime="20211003 15:09:36.964"/>
</test>
<status status="PASS" starttime="20211003 15:09:08.663" endtime="20211003 15:09:36.966"/>
</suite>
<statistics>
<total>
<stat pass="1" fail="0" skip="0">All Tests</stat>
</total>
<tag>
</tag>
<suite>
<stat pass="1" fail="0" skip="0" id="s1" name="Test Dartboard">Test Dartboard</stat>
</suite>
</statistics>
<errors>
</errors>
</robot>
