<?xml version="1.0" encoding="UTF-8"?>
<robot generator="Robot 4.1 (Python 3.9.7 on win32)" generated="20211003 15:07:33.948" rpa="false" schemaversion="2">
<suite id="s1" name="Test Dartboard" source="C:\Users\marsh\Documents\GitHub\499-Dart-Project\Testing\RobotScripts\test_dartboard.robot">
<test id="s1-t1" name="Test Dartboard">
<kw name="Navigate to Scorekeeper">
<kw name="Open Browser" library="Selenium2Library">
<arg>browser=${browser}</arg>
<arg>executable_path=C:/Users/marsh/AppData/Local/Programs/Python/Python39/chromedriver.exe</arg>
<doc>Opens a new browser instance to the optional ``url``.</doc>
<msg timestamp="20211003 15:07:34.058" level="INFO">Opening browser 'Chrome' to base url 'None'.</msg>
<status status="PASS" starttime="20211003 15:07:34.058" endtime="20211003 15:07:35.192"/>
</kw>
<kw name="Maximize Browser Window" library="Selenium2Library">
<doc>Maximizes current browser window.</doc>
<status status="PASS" starttime="20211003 15:07:35.193" endtime="20211003 15:07:35.309"/>
</kw>
<kw name="Go To" library="Selenium2Library">
<arg>${webpage}</arg>
<doc>Navigates the current browser window to the provided ``url``.</doc>
<msg timestamp="20211003 15:07:35.309" level="INFO">Opening url 'http://192.168.1.179:5010/scorekeeper'</msg>
<status status="PASS" starttime="20211003 15:07:35.309" endtime="20211003 15:07:35.494"/>
</kw>
<status status="PASS" starttime="20211003 15:07:34.058" endtime="20211003 15:07:35.494"/>
</kw>
<kw name="Test Dartboard">
<kw name="Hover Over Each Element">
<kw name="Mouse Over" library="Selenium2Library">
<arg>id=square1</arg>
<doc>Simulates hovering the mouse over the element ``locator``.</doc>
<msg timestamp="20211003 15:07:35.495" level="INFO">Simulating Mouse Over on element 'id=square1'.</msg>
<status status="PASS" starttime="20211003 15:07:35.495" endtime="20211003 15:07:35.762"/>
</kw>
<kw name="Mouse Over" library="Selenium2Library">
<arg>id=square2</arg>
<doc>Simulates hovering the mouse over the element ``locator``.</doc>
<msg timestamp="20211003 15:07:35.762" level="INFO">Simulating Mouse Over on element 'id=square2'.</msg>
<status status="PASS" starttime="20211003 15:07:35.762" endtime="20211003 15:07:36.031"/>
</kw>
<kw name="Mouse Over" library="Selenium2Library">
<arg>id=square3</arg>
<doc>Simulates hovering the mouse over the element ``locator``.</doc>
<msg timestamp="20211003 15:07:36.031" level="INFO">Simulating Mouse Over on element 'id=square3'.</msg>
<status status="PASS" starttime="20211003 15:07:36.031" endtime="20211003 15:07:36.294"/>
</kw>
<kw name="Mouse Over" library="Selenium2Library">
<arg>id=square4</arg>
<doc>Simulates hovering the mouse over the element ``locator``.</doc>
<msg timestamp="20211003 15:07:36.295" level="INFO">Simulating Mouse Over on element 'id=square4'.</msg>
<status status="PASS" starttime="20211003 15:07:36.295" endtime="20211003 15:07:36.573"/>
</kw>
<kw name="Mouse Over" library="Selenium2Library">
<arg>id=square5</arg>
<doc>Simulates hovering the mouse over the element ``locator``.</doc>
<msg timestamp="20211003 15:07:36.573" level="INFO">Simulating Mouse Over on element 'id=square5'.</msg>
<status status="PASS" starttime="20211003 15:07:36.573" endtime="20211003 15:07:36.837"/>
</kw>
<kw name="Mouse Over" library="Selenium2Library">
<arg>id=square6</arg>
<doc>Simulates hovering the mouse over the element ``locator``.</doc>
<msg timestamp="20211003 15:07:36.837" level="INFO">Simulating Mouse Over on element 'id=square6'.</msg>
<status status="PASS" starttime="20211003 15:07:36.837" endtime="20211003 15:07:37.099"/>
</kw>
<kw name="Mouse Over" library="Selenium2Library">
<arg>id=square7</arg>
<doc>Simulates hovering the mouse over the element ``locator``.</doc>
<msg timestamp="20211003 15:07:37.100" level="INFO">Simulating Mouse Over on element 'id=square7'.</msg>
<status status="PASS" starttime="20211003 15:07:37.100" endtime="20211003 15:07:37.370"/>
</kw>
<kw name="Mouse Over" library="Selenium2Library">
<arg>id=square8</arg>
<doc>Simulates hovering the mouse over the element ``locator``.</doc>
<msg timestamp="20211003 15:07:37.371" level="INFO">Simulating Mouse Over on element 'id=square8'.</msg>
<status status="PASS" starttime="20211003 15:07:37.370" endtime="20211003 15:07:37.639"/>
</kw>
<kw name="Mouse Over" library="Selenium2Library">
<arg>id=square9</arg>
<doc>Simulates hovering the mouse over the element ``locator``.</doc>
<msg timestamp="20211003 15:07:37.640" level="INFO">Simulating Mouse Over on element 'id=square9'.</msg>
<status status="PASS" starttime="20211003 15:07:37.639" endtime="20211003 15:07:37.911"/>
</kw>
<kw name="Mouse Over" library="Selenium2Library">
<arg>id=square10</arg>
<doc>Simulates hovering the mouse over the element ``locator``.</doc>
<msg timestamp="20211003 15:07:37.911" level="INFO">Simulating Mouse Over on element 'id=square10'.</msg>
<status status="PASS" starttime="20211003 15:07:37.911" endtime="20211003 15:07:38.179"/>
</kw>
<kw name="Mouse Over" library="Selenium2Library">
<arg>id=square11</arg>
<doc>Simulates hovering the mouse over the element ``locator``.</doc>
<msg timestamp="20211003 15:07:38.179" level="INFO">Simulating Mouse Over on element 'id=square11'.</msg>
<status status="PASS" starttime="20211003 15:07:38.179" endtime="20211003 15:07:38.448"/>
</kw>
<kw name="Mouse Over" library="Selenium2Library">
<arg>id=square12</arg>
<doc>Simulates hovering the mouse over the element ``locator``.</doc>
<msg timestamp="20211003 15:07:38.448" level="INFO">Simulating Mouse Over on element 'id=square12'.</msg>
<status status="PASS" starttime="20211003 15:07:38.448" endtime="20211003 15:07:38.716"/>
</kw>
<kw name="Mouse Over" library="Selenium2Library">
<arg>id=square13</arg>
<doc>Simulates hovering the mouse over the element ``locator``.</doc>
<msg timestamp="20211003 15:07:38.716" level="INFO">Simulating Mouse Over on element 'id=square13'.</msg>
<status status="PASS" starttime="20211003 15:07:38.716" endtime="20211003 15:07:38.983"/>
</kw>
<kw name="Mouse Over" library="Selenium2Library">
<arg>id=square14</arg>
<doc>Simulates hovering the mouse over the element ``locator``.</doc>
<msg timestamp="20211003 15:07:38.983" level="INFO">Simulating Mouse Over on element 'id=square14'.</msg>
<status status="PASS" starttime="20211003 15:07:38.983" endtime="20211003 15:07:39.262"/>
</kw>
<kw name="Mouse Over" library="Selenium2Library">
<arg>id=square15</arg>
<doc>Simulates hovering the mouse over the element ``locator``.</doc>
<msg timestamp="20211003 15:07:39.262" level="INFO">Simulating Mouse Over on element 'id=square15'.</msg>
<status status="PASS" starttime="20211003 15:07:39.262" endtime="20211003 15:07:39.526"/>
</kw>
<kw name="Mouse Over" library="Selenium2Library">
<arg>id=square16</arg>
<doc>Simulates hovering the mouse over the element ``locator``.</doc>
<msg timestamp="20211003 15:07:39.526" level="INFO">Simulating Mouse Over on element 'id=square16'.</msg>
<status status="PASS" starttime="20211003 15:07:39.526" endtime="20211003 15:07:39.794"/>
</kw>
<kw name="Mouse Over" library="Selenium2Library">
<arg>id=square17</arg>
<doc>Simulates hovering the mouse over the element ``locator``.</doc>
<msg timestamp="20211003 15:07:39.794" level="INFO">Simulating Mouse Over on element 'id=square17'.</msg>
<status status="PASS" starttime="20211003 15:07:39.794" endtime="20211003 15:07:40.090"/>
</kw>
<kw name="Mouse Over" library="Selenium2Library">
<arg>id=square18</arg>
<doc>Simulates hovering the mouse over the element ``locator``.</doc>
<msg timestamp="20211003 15:07:40.090" level="INFO">Simulating Mouse Over on element 'id=square18'.</msg>
<status status="PASS" starttime="20211003 15:07:40.090" endtime="20211003 15:07:40.368"/>
</kw>
<kw name="Mouse Over" library="Selenium2Library">
<arg>id=square19</arg>
<doc>Simulates hovering the mouse over the element ``locator``.</doc>
<msg timestamp="20211003 15:07:40.368" level="INFO">Simulating Mouse Over on element 'id=square19'.</msg>
<status status="PASS" starttime="20211003 15:07:40.368" endtime="20211003 15:07:40.633"/>
</kw>
<kw name="Mouse Over" library="Selenium2Library">
<arg>id=square20</arg>
<doc>Simulates hovering the mouse over the element ``locator``.</doc>
<msg timestamp="20211003 15:07:40.634" level="INFO">Simulating Mouse Over on element 'id=square20'.</msg>
<status status="PASS" starttime="20211003 15:07:40.633" endtime="20211003 15:07:40.900"/>
</kw>
<kw name="Mouse Over" library="Selenium2Library">
<arg>id=square21</arg>
<doc>Simulates hovering the mouse over the element ``locator``.</doc>
<msg timestamp="20211003 15:07:40.900" level="INFO">Simulating Mouse Over on element 'id=square21'.</msg>
<status status="PASS" starttime="20211003 15:07:40.900" endtime="20211003 15:07:41.178"/>
</kw>
<kw name="Mouse Over" library="Selenium2Library">
<arg>id=square22</arg>
<doc>Simulates hovering the mouse over the element ``locator``.</doc>
<msg timestamp="20211003 15:07:41.178" level="INFO">Simulating Mouse Over on element 'id=square22'.</msg>
<status status="PASS" starttime="20211003 15:07:41.178" endtime="20211003 15:07:41.444"/>
</kw>
<kw name="Mouse Over" library="Selenium2Library">
<arg>id=square23</arg>
<doc>Simulates hovering the mouse over the element ``locator``.</doc>
<msg timestamp="20211003 15:07:41.444" level="INFO">Simulating Mouse Over on element 'id=square23'.</msg>
<status status="PASS" starttime="20211003 15:07:41.444" endtime="20211003 15:07:41.722"/>
</kw>
<kw name="Mouse Over" library="Selenium2Library">
<arg>id=square24</arg>
<doc>Simulates hovering the mouse over the element ``locator``.</doc>
<msg timestamp="20211003 15:07:41.722" level="INFO">Simulating Mouse Over on element 'id=square24'.</msg>
<status status="PASS" starttime="20211003 15:07:41.722" endtime="20211003 15:07:41.989"/>
</kw>
<kw name="Mouse Over" library="Selenium2Library">
<arg>id=square25</arg>
<doc>Simulates hovering the mouse over the element ``locator``.</doc>
<msg timestamp="20211003 15:07:41.989" level="INFO">Simulating Mouse Over on element 'id=square25'.</msg>
<status status="PASS" starttime="20211003 15:07:41.989" endtime="20211003 15:07:42.254"/>
</kw>
<kw name="Mouse Over" library="Selenium2Library">
<arg>id=square26</arg>
<doc>Simulates hovering the mouse over the element ``locator``.</doc>
<msg timestamp="20211003 15:07:42.254" level="INFO">Simulating Mouse Over on element 'id=square26'.</msg>
<status status="PASS" starttime="20211003 15:07:42.254" endtime="20211003 15:07:42.534"/>
</kw>
<kw name="Mouse Over" library="Selenium2Library">
<arg>id=square27</arg>
<doc>Simulates hovering the mouse over the element ``locator``.</doc>
<msg timestamp="20211003 15:07:42.534" level="INFO">Simulating Mouse Over on element 'id=square27'.</msg>
<status status="PASS" starttime="20211003 15:07:42.534" endtime="20211003 15:07:42.811"/>
</kw>
<kw name="Mouse Over" library="Selenium2Library">
<arg>id=square28</arg>
<doc>Simulates hovering the mouse over the element ``locator``.</doc>
<msg timestamp="20211003 15:07:42.811" level="INFO">Simulating Mouse Over on element 'id=square28'.</msg>
<status status="PASS" starttime="20211003 15:07:42.811" endtime="20211003 15:07:43.088"/>
</kw>
<kw name="Mouse Over" library="Selenium2Library">
<arg>id=square29</arg>
<doc>Simulates hovering the mouse over the element ``locator``.</doc>
<msg timestamp="20211003 15:07:43.089" level="INFO">Simulating Mouse Over on element 'id=square29'.</msg>
<status status="PASS" starttime="20211003 15:07:43.089" endtime="20211003 15:07:43.358"/>
</kw>
<kw name="Mouse Over" library="Selenium2Library">
<arg>id=square30</arg>
<doc>Simulates hovering the mouse over the element ``locator``.</doc>
<msg timestamp="20211003 15:07:43.358" level="INFO">Simulating Mouse Over on element 'id=square30'.</msg>
<status status="PASS" starttime="20211003 15:07:43.358" endtime="20211003 15:07:43.636"/>
</kw>
<kw name="Mouse Over" library="Selenium2Library">
<arg>id=square31</arg>
<doc>Simulates hovering the mouse over the element ``locator``.</doc>
<msg timestamp="20211003 15:07:43.636" level="INFO">Simulating Mouse Over on element 'id=square31'.</msg>
<status status="PASS" starttime="20211003 15:07:43.636" endtime="20211003 15:07:43.914"/>
</kw>
<kw name="Mouse Over" library="Selenium2Library">
<arg>id=square32</arg>
<doc>Simulates hovering the mouse over the element ``locator``.</doc>
<msg timestamp="20211003 15:07:43.914" level="INFO">Simulating Mouse Over on element 'id=square32'.</msg>
<status status="PASS" starttime="20211003 15:07:43.914" endtime="20211003 15:07:44.191"/>
</kw>
<kw name="Mouse Over" library="Selenium2Library">
<arg>id=square33</arg>
<doc>Simulates hovering the mouse over the element ``locator``.</doc>
<msg timestamp="20211003 15:07:44.191" level="INFO">Simulating Mouse Over on element 'id=square33'.</msg>
<status status="PASS" starttime="20211003 15:07:44.191" endtime="20211003 15:07:44.458"/>
</kw>
<kw name="Mouse Over" library="Selenium2Library">
<arg>id=square34</arg>
<doc>Simulates hovering the mouse over the element ``locator``.</doc>
<msg timestamp="20211003 15:07:44.458" level="INFO">Simulating Mouse Over on element 'id=square34'.</msg>
<status status="PASS" starttime="20211003 15:07:44.458" endtime="20211003 15:07:44.723"/>
</kw>
<kw name="Mouse Over" library="Selenium2Library">
<arg>id=square35</arg>
<doc>Simulates hovering the mouse over the element ``locator``.</doc>
<msg timestamp="20211003 15:07:44.723" level="INFO">Simulating Mouse Over on element 'id=square35'.</msg>
<status status="PASS" starttime="20211003 15:07:44.723" endtime="20211003 15:07:44.987"/>
</kw>
<kw name="Mouse Over" library="Selenium2Library">
<arg>id=square36</arg>
<doc>Simulates hovering the mouse over the element ``locator``.</doc>
<msg timestamp="20211003 15:07:44.987" level="INFO">Simulating Mouse Over on element 'id=square36'.</msg>
<status status="PASS" starttime="20211003 15:07:44.987" endtime="20211003 15:07:45.252"/>
</kw>
<kw name="Mouse Over" library="Selenium2Library">
<arg>id=square37</arg>
<doc>Simulates hovering the mouse over the element ``locator``.</doc>
<msg timestamp="20211003 15:07:45.252" level="INFO">Simulating Mouse Over on element 'id=square37'.</msg>
<status status="PASS" starttime="20211003 15:07:45.252" endtime="20211003 15:07:45.518"/>
</kw>
<kw name="Mouse Over" library="Selenium2Library">
<arg>id=square38</arg>
<doc>Simulates hovering the mouse over the element ``locator``.</doc>
<msg timestamp="20211003 15:07:45.519" level="INFO">Simulating Mouse Over on element 'id=square38'.</msg>
<status status="PASS" starttime="20211003 15:07:45.518" endtime="20211003 15:07:45.784"/>
</kw>
<kw name="Mouse Over" library="Selenium2Library">
<arg>id=square39</arg>
<doc>Simulates hovering the mouse over the element ``locator``.</doc>
<msg timestamp="20211003 15:07:45.785" level="INFO">Simulating Mouse Over on element 'id=square39'.</msg>
<status status="PASS" starttime="20211003 15:07:45.784" endtime="20211003 15:07:46.049"/>
</kw>
<kw name="Mouse Over" library="Selenium2Library">
<arg>id=square40</arg>
<doc>Simulates hovering the mouse over the element ``locator``.</doc>
<msg timestamp="20211003 15:07:46.049" level="INFO">Simulating Mouse Over on element 'id=square40'.</msg>
<status status="PASS" starttime="20211003 15:07:46.049" endtime="20211003 15:07:46.326"/>
</kw>
<kw name="Mouse Over" library="Selenium2Library">
<arg>id=square41</arg>
<doc>Simulates hovering the mouse over the element ``locator``.</doc>
<msg timestamp="20211003 15:07:46.326" level="INFO">Simulating Mouse Over on element 'id=square41'.</msg>
<status status="PASS" starttime="20211003 15:07:46.326" endtime="20211003 15:07:46.605"/>
</kw>
<kw name="Mouse Over" library="Selenium2Library">
<arg>id=square42</arg>
<doc>Simulates hovering the mouse over the element ``locator``.</doc>
<msg timestamp="20211003 15:07:46.606" level="INFO">Simulating Mouse Over on element 'id=square42'.</msg>
<status status="PASS" starttime="20211003 15:07:46.605" endtime="20211003 15:07:46.873"/>
</kw>
<kw name="Mouse Over" library="Selenium2Library">
<arg>id=square43</arg>
<doc>Simulates hovering the mouse over the element ``locator``.</doc>
<msg timestamp="20211003 15:07:46.874" level="INFO">Simulating Mouse Over on element 'id=square43'.</msg>
<status status="PASS" starttime="20211003 15:07:46.873" endtime="20211003 15:07:47.153"/>
</kw>
<kw name="Mouse Over" library="Selenium2Library">
<arg>id=square44</arg>
<doc>Simulates hovering the mouse over the element ``locator``.</doc>
<msg timestamp="20211003 15:07:47.153" level="INFO">Simulating Mouse Over on element 'id=square44'.</msg>
<status status="PASS" starttime="20211003 15:07:47.153" endtime="20211003 15:07:47.430"/>
</kw>
<kw name="Mouse Over" library="Selenium2Library">
<arg>id=square45</arg>
<doc>Simulates hovering the mouse over the element ``locator``.</doc>
<msg timestamp="20211003 15:07:47.431" level="INFO">Simulating Mouse Over on element 'id=square45'.</msg>
<status status="PASS" starttime="20211003 15:07:47.431" endtime="20211003 15:07:47.711"/>
</kw>
<kw name="Mouse Over" library="Selenium2Library">
<arg>id=square46</arg>
<doc>Simulates hovering the mouse over the element ``locator``.</doc>
<msg timestamp="20211003 15:07:47.711" level="INFO">Simulating Mouse Over on element 'id=square46'.</msg>
<status status="PASS" starttime="20211003 15:07:47.711" endtime="20211003 15:07:47.975"/>
</kw>
<kw name="Mouse Over" library="Selenium2Library">
<arg>id=square47</arg>
<doc>Simulates hovering the mouse over the element ``locator``.</doc>
<msg timestamp="20211003 15:07:47.976" level="INFO">Simulating Mouse Over on element 'id=square47'.</msg>
<status status="PASS" starttime="20211003 15:07:47.975" endtime="20211003 15:07:48.244"/>
</kw>
<kw name="Mouse Over" library="Selenium2Library">
<arg>id=square48</arg>
<doc>Simulates hovering the mouse over the element ``locator``.</doc>
<msg timestamp="20211003 15:07:48.245" level="INFO">Simulating Mouse Over on element 'id=square48'.</msg>
<status status="PASS" starttime="20211003 15:07:48.245" endtime="20211003 15:07:48.539"/>
</kw>
<kw name="Mouse Over" library="Selenium2Library">
<arg>id=square49</arg>
<doc>Simulates hovering the mouse over the element ``locator``.</doc>
<msg timestamp="20211003 15:07:48.539" level="INFO">Simulating Mouse Over on element 'id=square49'.</msg>
<status status="PASS" starttime="20211003 15:07:48.539" endtime="20211003 15:07:48.817"/>
</kw>
<kw name="Mouse Over" library="Selenium2Library">
<arg>id=square50</arg>
<doc>Simulates hovering the mouse over the element ``locator``.</doc>
<msg timestamp="20211003 15:07:48.817" level="INFO">Simulating Mouse Over on element 'id=square50'.</msg>
<status status="PASS" starttime="20211003 15:07:48.817" endtime="20211003 15:07:49.096"/>
</kw>
<kw name="Mouse Over" library="Selenium2Library">
<arg>id=square51</arg>
<doc>Simulates hovering the mouse over the element ``locator``.</doc>
<msg timestamp="20211003 15:07:49.096" level="INFO">Simulating Mouse Over on element 'id=square51'.</msg>
<status status="PASS" starttime="20211003 15:07:49.096" endtime="20211003 15:07:49.364"/>
</kw>
<kw name="Mouse Over" library="Selenium2Library">
<arg>id=square52</arg>
<doc>Simulates hovering the mouse over the element ``locator``.</doc>
<msg timestamp="20211003 15:07:49.364" level="INFO">Simulating Mouse Over on element 'id=square52'.</msg>
<status status="PASS" starttime="20211003 15:07:49.364" endtime="20211003 15:07:49.628"/>
</kw>
<kw name="Mouse Over" library="Selenium2Library">
<arg>id=square53</arg>
<doc>Simulates hovering the mouse over the element ``locator``.</doc>
<msg timestamp="20211003 15:07:49.628" level="INFO">Simulating Mouse Over on element 'id=square53'.</msg>
<status status="PASS" starttime="20211003 15:07:49.628" endtime="20211003 15:07:49.905"/>
</kw>
<kw name="Mouse Over" library="Selenium2Library">
<arg>id=square54</arg>
<doc>Simulates hovering the mouse over the element ``locator``.</doc>
<msg timestamp="20211003 15:07:49.905" level="INFO">Simulating Mouse Over on element 'id=square54'.</msg>
<status status="PASS" starttime="20211003 15:07:49.905" endtime="20211003 15:07:50.184"/>
</kw>
<kw name="Mouse Over" library="Selenium2Library">
<arg>id=square55</arg>
<doc>Simulates hovering the mouse over the element ``locator``.</doc>
<msg timestamp="20211003 15:07:50.184" level="INFO">Simulating Mouse Over on element 'id=square55'.</msg>
<status status="PASS" starttime="20211003 15:07:50.184" endtime="20211003 15:07:50.450"/>
</kw>
<kw name="Mouse Over" library="Selenium2Library">
<arg>id=square56</arg>
<doc>Simulates hovering the mouse over the element ``locator``.</doc>
<msg timestamp="20211003 15:07:50.450" level="INFO">Simulating Mouse Over on element 'id=square56'.</msg>
<status status="PASS" starttime="20211003 15:07:50.450" endtime="20211003 15:07:50.715"/>
</kw>
<kw name="Mouse Over" library="Selenium2Library">
<arg>id=square57</arg>
<doc>Simulates hovering the mouse over the element ``locator``.</doc>
<msg timestamp="20211003 15:07:50.715" level="INFO">Simulating Mouse Over on element 'id=square57'.</msg>
<status status="PASS" starttime="20211003 15:07:50.715" endtime="20211003 15:07:50.993"/>
</kw>
<kw name="Mouse Over" library="Selenium2Library">
<arg>id=square58</arg>
<doc>Simulates hovering the mouse over the element ``locator``.</doc>
<msg timestamp="20211003 15:07:50.993" level="INFO">Simulating Mouse Over on element 'id=square58'.</msg>
<status status="PASS" starttime="20211003 15:07:50.993" endtime="20211003 15:07:51.270"/>
</kw>
<kw name="Mouse Over" library="Selenium2Library">
<arg>id=square59</arg>
<doc>Simulates hovering the mouse over the element ``locator``.</doc>
<msg timestamp="20211003 15:07:51.271" level="INFO">Simulating Mouse Over on element 'id=square59'.</msg>
<status status="PASS" starttime="20211003 15:07:51.270" endtime="20211003 15:07:51.534"/>
</kw>
<kw name="Mouse Over" library="Selenium2Library">
<arg>id=square60</arg>
<doc>Simulates hovering the mouse over the element ``locator``.</doc>
<msg timestamp="20211003 15:07:51.535" level="INFO">Simulating Mouse Over on element 'id=square60'.</msg>
<status status="PASS" starttime="20211003 15:07:51.534" endtime="20211003 15:07:51.802"/>
</kw>
<kw name="Mouse Over" library="Selenium2Library">
<arg>id=square61</arg>
<doc>Simulates hovering the mouse over the element ``locator``.</doc>
<msg timestamp="20211003 15:07:51.803" level="INFO">Simulating Mouse Over on element 'id=square61'.</msg>
<status status="PASS" starttime="20211003 15:07:51.802" endtime="20211003 15:07:52.081"/>
</kw>
<kw name="Mouse Over" library="Selenium2Library">
<arg>id=square62</arg>
<doc>Simulates hovering the mouse over the element ``locator``.</doc>
<msg timestamp="20211003 15:07:52.081" level="INFO">Simulating Mouse Over on element 'id=square62'.</msg>
<status status="PASS" starttime="20211003 15:07:52.081" endtime="20211003 15:07:52.360"/>
</kw>
<kw name="Mouse Over" library="Selenium2Library">
<arg>id=square63</arg>
<doc>Simulates hovering the mouse over the element ``locator``.</doc>
<msg timestamp="20211003 15:07:52.360" level="INFO">Simulating Mouse Over on element 'id=square63'.</msg>
<status status="PASS" starttime="20211003 15:07:52.360" endtime="20211003 15:07:52.639"/>
</kw>
<kw name="Mouse Over" library="Selenium2Library">
<arg>id=square64</arg>
<doc>Simulates hovering the mouse over the element ``locator``.</doc>
<msg timestamp="20211003 15:07:52.640" level="INFO">Simulating Mouse Over on element 'id=square64'.</msg>
<status status="PASS" starttime="20211003 15:07:52.640" endtime="20211003 15:07:52.906"/>
</kw>
<kw name="Mouse Over" library="Selenium2Library">
<arg>id=square65</arg>
<doc>Simulates hovering the mouse over the element ``locator``.</doc>
<msg timestamp="20211003 15:07:52.906" level="INFO">Simulating Mouse Over on element 'id=square65'.</msg>
<status status="PASS" starttime="20211003 15:07:52.906" endtime="20211003 15:07:53.172"/>
</kw>
<kw name="Mouse Over" library="Selenium2Library">
<arg>id=square66</arg>
<doc>Simulates hovering the mouse over the element ``locator``.</doc>
<msg timestamp="20211003 15:07:53.172" level="INFO">Simulating Mouse Over on element 'id=square66'.</msg>
<status status="PASS" starttime="20211003 15:07:53.172" endtime="20211003 15:07:53.435"/>
</kw>
<kw name="Mouse Over" library="Selenium2Library">
<arg>id=square67</arg>
<doc>Simulates hovering the mouse over the element ``locator``.</doc>
<msg timestamp="20211003 15:07:53.436" level="INFO">Simulating Mouse Over on element 'id=square67'.</msg>
<status status="PASS" starttime="20211003 15:07:53.435" endtime="20211003 15:07:53.714"/>
</kw>
<kw name="Mouse Over" library="Selenium2Library">
<arg>id=square68</arg>
<doc>Simulates hovering the mouse over the element ``locator``.</doc>
<msg timestamp="20211003 15:07:53.714" level="INFO">Simulating Mouse Over on element 'id=square68'.</msg>
<status status="PASS" starttime="20211003 15:07:53.714" endtime="20211003 15:07:53.992"/>
</kw>
<kw name="Mouse Over" library="Selenium2Library">
<arg>id=square69</arg>
<doc>Simulates hovering the mouse over the element ``locator``.</doc>
<msg timestamp="20211003 15:07:53.993" level="INFO">Simulating Mouse Over on element 'id=square69'.</msg>
<status status="PASS" starttime="20211003 15:07:53.992" endtime="20211003 15:07:54.260"/>
</kw>
<kw name="Mouse Over" library="Selenium2Library">
<arg>id=square70</arg>
<doc>Simulates hovering the mouse over the element ``locator``.</doc>
<msg timestamp="20211003 15:07:54.262" level="INFO">Simulating Mouse Over on element 'id=square70'.</msg>
<status status="PASS" starttime="20211003 15:07:54.262" endtime="20211003 15:07:54.539"/>
</kw>
<kw name="Mouse Over" library="Selenium2Library">
<arg>id=square71</arg>
<doc>Simulates hovering the mouse over the element ``locator``.</doc>
<msg timestamp="20211003 15:07:54.540" level="INFO">Simulating Mouse Over on element 'id=square71'.</msg>
<status status="PASS" starttime="20211003 15:07:54.539" endtime="20211003 15:07:54.816"/>
</kw>
<kw name="Mouse Over" library="Selenium2Library">
<arg>id=square72</arg>
<doc>Simulates hovering the mouse over the element ``locator``.</doc>
<msg timestamp="20211003 15:07:54.817" level="INFO">Simulating Mouse Over on element 'id=square72'.</msg>
<status status="PASS" starttime="20211003 15:07:54.816" endtime="20211003 15:07:55.095"/>
</kw>
<kw name="Mouse Over" library="Selenium2Library">
<arg>id=square73</arg>
<doc>Simulates hovering the mouse over the element ``locator``.</doc>
<msg timestamp="20211003 15:07:55.095" level="INFO">Simulating Mouse Over on element 'id=square73'.</msg>
<status status="PASS" starttime="20211003 15:07:55.095" endtime="20211003 15:07:55.361"/>
</kw>
<kw name="Mouse Over" library="Selenium2Library">
<arg>id=square74</arg>
<doc>Simulates hovering the mouse over the element ``locator``.</doc>
<msg timestamp="20211003 15:07:55.361" level="INFO">Simulating Mouse Over on element 'id=square74'.</msg>
<status status="PASS" starttime="20211003 15:07:55.361" endtime="20211003 15:07:55.641"/>
</kw>
<kw name="Mouse Over" library="Selenium2Library">
<arg>id=square75</arg>
<doc>Simulates hovering the mouse over the element ``locator``.</doc>
<msg timestamp="20211003 15:07:55.641" level="INFO">Simulating Mouse Over on element 'id=square75'.</msg>
<status status="PASS" starttime="20211003 15:07:55.641" endtime="20211003 15:07:55.920"/>
</kw>
<kw name="Mouse Over" library="Selenium2Library">
<arg>id=square76</arg>
<doc>Simulates hovering the mouse over the element ``locator``.</doc>
<msg timestamp="20211003 15:07:55.920" level="INFO">Simulating Mouse Over on element 'id=square76'.</msg>
<status status="PASS" starttime="20211003 15:07:55.920" endtime="20211003 15:07:56.184"/>
</kw>
<kw name="Mouse Over" library="Selenium2Library">
<arg>id=square77</arg>
<doc>Simulates hovering the mouse over the element ``locator``.</doc>
<msg timestamp="20211003 15:07:56.184" level="INFO">Simulating Mouse Over on element 'id=square77'.</msg>
<status status="PASS" starttime="20211003 15:07:56.184" endtime="20211003 15:07:56.447"/>
</kw>
<kw name="Mouse Over" library="Selenium2Library">
<arg>id=square78</arg>
<doc>Simulates hovering the mouse over the element ``locator``.</doc>
<msg timestamp="20211003 15:07:56.448" level="INFO">Simulating Mouse Over on element 'id=square78'.</msg>
<status status="PASS" starttime="20211003 15:07:56.447" endtime="20211003 15:07:56.715"/>
</kw>
<kw name="Mouse Over" library="Selenium2Library">
<arg>id=square79</arg>
<doc>Simulates hovering the mouse over the element ``locator``.</doc>
<msg timestamp="20211003 15:07:56.715" level="INFO">Simulating Mouse Over on element 'id=square79'.</msg>
<status status="PASS" starttime="20211003 15:07:56.715" endtime="20211003 15:07:56.992"/>
</kw>
<kw name="Mouse Over" library="Selenium2Library">
<arg>id=square80</arg>
<doc>Simulates hovering the mouse over the element ``locator``.</doc>
<msg timestamp="20211003 15:07:56.992" level="INFO">Simulating Mouse Over on element 'id=square80'.</msg>
<status status="PASS" starttime="20211003 15:07:56.992" endtime="20211003 15:07:57.257"/>
</kw>
<kw name="Mouse Over" library="Selenium2Library">
<arg>id=square81</arg>
<doc>Simulates hovering the mouse over the element ``locator``.</doc>
<msg timestamp="20211003 15:07:57.257" level="INFO">Simulating Mouse Over on element 'id=square81'.</msg>
<status status="PASS" starttime="20211003 15:07:57.257" endtime="20211003 15:07:57.535"/>
</kw>
<kw name="Mouse Over" library="Selenium2Library">
<arg>id=square82</arg>
<doc>Simulates hovering the mouse over the element ``locator``.</doc>
<msg timestamp="20211003 15:07:57.535" level="INFO">Simulating Mouse Over on element 'id=square82'.</msg>
<status status="PASS" starttime="20211003 15:07:57.535" endtime="20211003 15:07:57.803"/>
</kw>
<status status="PASS" starttime="20211003 15:07:35.495" endtime="20211003 15:07:57.803"/>
</kw>
<kw name="Click Each Element">
<kw name="Click Element" library="Selenium2Library">
<arg>id=square1</arg>
<doc>Click the element identified by ``locator``.</doc>
<msg timestamp="20211003 15:07:57.803" level="INFO">Clicking element 'id=square1'.</msg>
<status status="PASS" starttime="20211003 15:07:57.803" endtime="20211003 15:07:57.832"/>
</kw>
<kw name="Click Element At Coordinates" library="Selenium2Library">
<arg>id=square2</arg>
<arg>0</arg>
<arg>10</arg>
<doc>Click the element ``locator`` at ``xoffset/yoffset``.</doc>
<msg timestamp="20211003 15:07:57.833" level="INFO">Clicking element 'id=square2' at coordinates x=0, y=10.</msg>
<status status="PASS" starttime="20211003 15:07:57.833" endtime="20211003 15:07:58.380"/>
</kw>
<kw name="Click Element" library="Selenium2Library">
<arg>id=square3</arg>
<doc>Click the element identified by ``locator``.</doc>
<msg timestamp="20211003 15:07:58.380" level="INFO">Clicking element 'id=square3'.</msg>
<status status="PASS" starttime="20211003 15:07:58.380" endtime="20211003 15:07:58.401"/>
</kw>
<kw name="Click Element" library="Selenium2Library">
<arg>id=square4</arg>
<doc>Click the element identified by ``locator``.</doc>
<msg timestamp="20211003 15:07:58.402" level="INFO">Clicking element 'id=square4'.</msg>
<status status="PASS" starttime="20211003 15:07:58.401" endtime="20211003 15:07:58.423"/>
</kw>
<kw name="Click Element" library="Selenium2Library">
<arg>id=square5</arg>
<doc>Click the element identified by ``locator``.</doc>
<msg timestamp="20211003 15:07:58.423" level="INFO">Clicking element 'id=square5'.</msg>
<status status="PASS" starttime="20211003 15:07:58.423" endtime="20211003 15:07:58.444"/>
</kw>
<kw name="Click Element" library="Selenium2Library">
<arg>id=square6</arg>
<doc>Click the element identified by ``locator``.</doc>
<msg timestamp="20211003 15:07:58.444" level="INFO">Clicking element 'id=square6'.</msg>
<status status="PASS" starttime="20211003 15:07:58.444" endtime="20211003 15:07:58.464"/>
</kw>
<kw name="Click Element" library="Selenium2Library">
<arg>id=square7</arg>
<doc>Click the element identified by ``locator``.</doc>
<msg timestamp="20211003 15:07:58.465" level="INFO">Clicking element 'id=square7'.</msg>
<status status="PASS" starttime="20211003 15:07:58.465" endtime="20211003 15:07:58.485"/>
</kw>
<kw name="Click Element" library="Selenium2Library">
<arg>id=square8</arg>
<doc>Click the element identified by ``locator``.</doc>
<msg timestamp="20211003 15:07:58.485" level="INFO">Clicking element 'id=square8'.</msg>
<status status="PASS" starttime="20211003 15:07:58.485" endtime="20211003 15:07:58.506"/>
</kw>
<kw name="Click Element" library="Selenium2Library">
<arg>id=square9</arg>
<doc>Click the element identified by ``locator``.</doc>
<msg timestamp="20211003 15:07:58.506" level="INFO">Clicking element 'id=square9'.</msg>
<status status="PASS" starttime="20211003 15:07:58.506" endtime="20211003 15:07:58.527"/>
</kw>
<kw name="Click Element" library="Selenium2Library">
<arg>id=square10</arg>
<doc>Click the element identified by ``locator``.</doc>
<msg timestamp="20211003 15:07:58.527" level="INFO">Clicking element 'id=square10'.</msg>
<status status="PASS" starttime="20211003 15:07:58.527" endtime="20211003 15:07:58.547"/>
</kw>
<kw name="Click Element" library="Selenium2Library">
<arg>id=square11</arg>
<doc>Click the element identified by ``locator``.</doc>
<msg timestamp="20211003 15:07:58.547" level="INFO">Clicking element 'id=square11'.</msg>
<status status="PASS" starttime="20211003 15:07:58.547" endtime="20211003 15:07:58.568"/>
</kw>
<kw name="Click Element" library="Selenium2Library">
<arg>id=square12</arg>
<doc>Click the element identified by ``locator``.</doc>
<msg timestamp="20211003 15:07:58.569" level="INFO">Clicking element 'id=square12'.</msg>
<status status="PASS" starttime="20211003 15:07:58.568" endtime="20211003 15:07:58.590"/>
</kw>
<kw name="Click Element" library="Selenium2Library">
<arg>id=square13</arg>
<doc>Click the element identified by ``locator``.</doc>
<msg timestamp="20211003 15:07:58.590" level="INFO">Clicking element 'id=square13'.</msg>
<status status="PASS" starttime="20211003 15:07:58.590" endtime="20211003 15:07:58.611"/>
</kw>
<kw name="Click Element" library="Selenium2Library">
<arg>id=square14</arg>
<doc>Click the element identified by ``locator``.</doc>
<msg timestamp="20211003 15:07:58.611" level="INFO">Clicking element 'id=square14'.</msg>
<status status="PASS" starttime="20211003 15:07:58.611" endtime="20211003 15:07:58.631"/>
</kw>
<kw name="Click Element" library="Selenium2Library">
<arg>id=square15</arg>
<doc>Click the element identified by ``locator``.</doc>
<msg timestamp="20211003 15:07:58.631" level="INFO">Clicking element 'id=square15'.</msg>
<status status="PASS" starttime="20211003 15:07:58.631" endtime="20211003 15:07:58.652"/>
</kw>
<kw name="Click Element" library="Selenium2Library">
<arg>id=square16</arg>
<doc>Click the element identified by ``locator``.</doc>
<msg timestamp="20211003 15:07:58.653" level="INFO">Clicking element 'id=square16'.</msg>
<status status="PASS" starttime="20211003 15:07:58.652" endtime="20211003 15:07:58.673"/>
</kw>
<kw name="Click Element" library="Selenium2Library">
<arg>id=square17</arg>
<doc>Click the element identified by ``locator``.</doc>
<msg timestamp="20211003 15:07:58.674" level="INFO">Clicking element 'id=square17'.</msg>
<status status="PASS" starttime="20211003 15:07:58.673" endtime="20211003 15:07:58.694"/>
</kw>
<kw name="Click Element" library="Selenium2Library">
<arg>id=square18</arg>
<doc>Click the element identified by ``locator``.</doc>
<msg timestamp="20211003 15:07:58.694" level="INFO">Clicking element 'id=square18'.</msg>
<status status="PASS" starttime="20211003 15:07:58.694" endtime="20211003 15:07:58.714"/>
</kw>
<kw name="Click Element" library="Selenium2Library">
<arg>id=square19</arg>
<doc>Click the element identified by ``locator``.</doc>
<msg timestamp="20211003 15:07:58.714" level="INFO">Clicking element 'id=square19'.</msg>
<status status="PASS" starttime="20211003 15:07:58.714" endtime="20211003 15:07:58.734"/>
</kw>
<kw name="Click Element" library="Selenium2Library">
<arg>id=square20</arg>
<doc>Click the element identified by ``locator``.</doc>
<msg timestamp="20211003 15:07:58.735" level="INFO">Clicking element 'id=square20'.</msg>
<status status="PASS" starttime="20211003 15:07:58.735" endtime="20211003 15:07:58.755"/>
</kw>
<kw name="Click Element" library="Selenium2Library">
<arg>id=square21</arg>
<doc>Click the element identified by ``locator``.</doc>
<msg timestamp="20211003 15:07:58.756" level="INFO">Clicking element 'id=square21'.</msg>
<status status="PASS" starttime="20211003 15:07:58.755" endtime="20211003 15:07:58.776"/>
</kw>
<kw name="Click Element" library="Selenium2Library">
<arg>id=square22</arg>
<doc>Click the element identified by ``locator``.</doc>
<msg timestamp="20211003 15:07:58.776" level="INFO">Clicking element 'id=square22'.</msg>
<status status="PASS" starttime="20211003 15:07:58.776" endtime="20211003 15:07:58.796"/>
</kw>
<kw name="Click Element" library="Selenium2Library">
<arg>id=square23</arg>
<doc>Click the element identified by ``locator``.</doc>
<msg timestamp="20211003 15:07:58.797" level="INFO">Clicking element 'id=square23'.</msg>
<status status="PASS" starttime="20211003 15:07:58.796" endtime="20211003 15:07:58.817"/>
</kw>
<kw name="Click Element" library="Selenium2Library">
<arg>id=square24</arg>
<doc>Click the element identified by ``locator``.</doc>
<msg timestamp="20211003 15:07:58.817" level="INFO">Clicking element 'id=square24'.</msg>
<status status="PASS" starttime="20211003 15:07:58.817" endtime="20211003 15:07:58.838"/>
</kw>
<kw name="Click Element" library="Selenium2Library">
<arg>id=square25</arg>
<doc>Click the element identified by ``locator``.</doc>
<msg timestamp="20211003 15:07:58.839" level="INFO">Clicking element 'id=square25'.</msg>
<status status="PASS" starttime="20211003 15:07:58.838" endtime="20211003 15:07:58.859"/>
</kw>
<kw name="Click Element" library="Selenium2Library">
<arg>id=square26</arg>
<doc>Click the element identified by ``locator``.</doc>
<msg timestamp="20211003 15:07:58.860" level="INFO">Clicking element 'id=square26'.</msg>
<status status="PASS" starttime="20211003 15:07:58.859" endtime="20211003 15:07:58.880"/>
</kw>
<kw name="Click Element" library="Selenium2Library">
<arg>id=square27</arg>
<doc>Click the element identified by ``locator``.</doc>
<msg timestamp="20211003 15:07:58.881" level="INFO">Clicking element 'id=square27'.</msg>
<status status="PASS" starttime="20211003 15:07:58.881" endtime="20211003 15:07:58.901"/>
</kw>
<kw name="Click Element" library="Selenium2Library">
<arg>id=square28</arg>
<doc>Click the element identified by ``locator``.</doc>
<msg timestamp="20211003 15:07:58.902" level="INFO">Clicking element 'id=square28'.</msg>
<status status="PASS" starttime="20211003 15:07:58.901" endtime="20211003 15:07:58.923"/>
</kw>
<kw name="Click Element" library="Selenium2Library">
<arg>id=square29</arg>
<doc>Click the element identified by ``locator``.</doc>
<msg timestamp="20211003 15:07:58.923" level="INFO">Clicking element 'id=square29'.</msg>
<status status="PASS" starttime="20211003 15:07:58.923" endtime="20211003 15:07:58.945"/>
</kw>
<kw name="Click Element" library="Selenium2Library">
<arg>id=square30</arg>
<doc>Click the element identified by ``locator``.</doc>
<msg timestamp="20211003 15:07:58.945" level="INFO">Clicking element 'id=square30'.</msg>
<status status="PASS" starttime="20211003 15:07:58.945" endtime="20211003 15:07:58.965"/>
</kw>
<kw name="Click Element" library="Selenium2Library">
<arg>id=square31</arg>
<doc>Click the element identified by ``locator``.</doc>
<msg timestamp="20211003 15:07:58.966" level="INFO">Clicking element 'id=square31'.</msg>
<status status="PASS" starttime="20211003 15:07:58.965" endtime="20211003 15:07:58.987"/>
</kw>
<kw name="Click Element" library="Selenium2Library">
<arg>id=square32</arg>
<doc>Click the element identified by ``locator``.</doc>
<msg timestamp="20211003 15:07:58.987" level="INFO">Clicking element 'id=square32'.</msg>
<status status="PASS" starttime="20211003 15:07:58.987" endtime="20211003 15:07:59.008"/>
</kw>
<kw name="Click Element" library="Selenium2Library">
<arg>id=square33</arg>
<doc>Click the element identified by ``locator``.</doc>
<msg timestamp="20211003 15:07:59.009" level="INFO">Clicking element 'id=square33'.</msg>
<status status="PASS" starttime="20211003 15:07:59.008" endtime="20211003 15:07:59.028"/>
</kw>
<kw name="Click Element" library="Selenium2Library">
<arg>id=square34</arg>
<doc>Click the element identified by ``locator``.</doc>
<msg timestamp="20211003 15:07:59.028" level="INFO">Clicking element 'id=square34'.</msg>
<status status="PASS" starttime="20211003 15:07:59.028" endtime="20211003 15:07:59.047"/>
</kw>
<kw name="Click Element" library="Selenium2Library">
<arg>id=square35</arg>
<doc>Click the element identified by ``locator``.</doc>
<msg timestamp="20211003 15:07:59.047" level="INFO">Clicking element 'id=square35'.</msg>
<status status="PASS" starttime="20211003 15:07:59.047" endtime="20211003 15:07:59.066"/>
</kw>
<kw name="Click Element" library="Selenium2Library">
<arg>id=square36</arg>
<doc>Click the element identified by ``locator``.</doc>
<msg timestamp="20211003 15:07:59.066" level="INFO">Clicking element 'id=square36'.</msg>
<status status="PASS" starttime="20211003 15:07:59.066" endtime="20211003 15:07:59.087"/>
</kw>
<kw name="Click Element" library="Selenium2Library">
<arg>id=square37</arg>
<doc>Click the element identified by ``locator``.</doc>
<msg timestamp="20211003 15:07:59.088" level="INFO">Clicking element 'id=square37'.</msg>
<status status="PASS" starttime="20211003 15:07:59.088" endtime="20211003 15:07:59.108"/>
</kw>
<kw name="Click Element" library="Selenium2Library">
<arg>id=square38</arg>
<doc>Click the element identified by ``locator``.</doc>
<msg timestamp="20211003 15:07:59.108" level="INFO">Clicking element 'id=square38'.</msg>
<status status="PASS" starttime="20211003 15:07:59.108" endtime="20211003 15:07:59.128"/>
</kw>
<kw name="Click Element" library="Selenium2Library">
<arg>id=square39</arg>
<doc>Click the element identified by ``locator``.</doc>
<msg timestamp="20211003 15:07:59.129" level="INFO">Clicking element 'id=square39'.</msg>
<status status="PASS" starttime="20211003 15:07:59.128" endtime="20211003 15:07:59.149"/>
</kw>
<kw name="Click Element" library="Selenium2Library">
<arg>id=square40</arg>
<doc>Click the element identified by ``locator``.</doc>
<msg timestamp="20211003 15:07:59.149" level="INFO">Clicking element 'id=square40'.</msg>
<status status="PASS" starttime="20211003 15:07:59.149" endtime="20211003 15:07:59.169"/>
</kw>
<kw name="Click Element" library="Selenium2Library">
<arg>id=square41</arg>
<doc>Click the element identified by ``locator``.</doc>
<msg timestamp="20211003 15:07:59.169" level="INFO">Clicking element 'id=square41'.</msg>
<status status="PASS" starttime="20211003 15:07:59.169" endtime="20211003 15:07:59.189"/>
</kw>
<kw name="Click Element" library="Selenium2Library">
<arg>id=square42</arg>
<doc>Click the element identified by ``locator``.</doc>
<msg timestamp="20211003 15:07:59.190" level="INFO">Clicking element 'id=square42'.</msg>
<status status="PASS" starttime="20211003 15:07:59.190" endtime="20211003 15:07:59.210"/>
</kw>
<kw name="Click Element" library="Selenium2Library">
<arg>id=square43</arg>
<doc>Click the element identified by ``locator``.</doc>
<msg timestamp="20211003 15:07:59.211" level="INFO">Clicking element 'id=square43'.</msg>
<status status="PASS" starttime="20211003 15:07:59.210" endtime="20211003 15:07:59.231"/>
</kw>
<kw name="Click Element" library="Selenium2Library">
<arg>id=square44</arg>
<doc>Click the element identified by ``locator``.</doc>
<msg timestamp="20211003 15:07:59.231" level="INFO">Clicking element 'id=square44'.</msg>
<status status="PASS" starttime="20211003 15:07:59.231" endtime="20211003 15:07:59.251"/>
</kw>
<kw name="Click Element" library="Selenium2Library">
<arg>id=square45</arg>
<doc>Click the element identified by ``locator``.</doc>
<msg timestamp="20211003 15:07:59.252" level="INFO">Clicking element 'id=square45'.</msg>
<status status="PASS" starttime="20211003 15:07:59.251" endtime="20211003 15:07:59.273"/>
</kw>
<kw name="Click Element" library="Selenium2Library">
<arg>id=square46</arg>
<doc>Click the element identified by ``locator``.</doc>
<msg timestamp="20211003 15:07:59.273" level="INFO">Clicking element 'id=square46'.</msg>
<status status="PASS" starttime="20211003 15:07:59.273" endtime="20211003 15:07:59.293"/>
</kw>
<kw name="Click Element" library="Selenium2Library">
<arg>id=square47</arg>
<doc>Click the element identified by ``locator``.</doc>
<msg timestamp="20211003 15:07:59.294" level="INFO">Clicking element 'id=square47'.</msg>
<status status="PASS" starttime="20211003 15:07:59.293" endtime="20211003 15:07:59.314"/>
</kw>
<kw name="Click Element" library="Selenium2Library">
<arg>id=square48</arg>
<doc>Click the element identified by ``locator``.</doc>
<msg timestamp="20211003 15:07:59.314" level="INFO">Clicking element 'id=square48'.</msg>
<status status="PASS" starttime="20211003 15:07:59.314" endtime="20211003 15:07:59.335"/>
</kw>
<kw name="Click Element" library="Selenium2Library">
<arg>id=square49</arg>
<doc>Click the element identified by ``locator``.</doc>
<msg timestamp="20211003 15:07:59.335" level="INFO">Clicking element 'id=square49'.</msg>
<status status="PASS" starttime="20211003 15:07:59.335" endtime="20211003 15:07:59.356"/>
</kw>
<kw name="Click Element" library="Selenium2Library">
<arg>id=square50</arg>
<doc>Click the element identified by ``locator``.</doc>
<msg timestamp="20211003 15:07:59.356" level="INFO">Clicking element 'id=square50'.</msg>
<status status="PASS" starttime="20211003 15:07:59.356" endtime="20211003 15:07:59.377"/>
</kw>
<kw name="Click Element" library="Selenium2Library">
<arg>id=square51</arg>
<doc>Click the element identified by ``locator``.</doc>
<msg timestamp="20211003 15:07:59.377" level="INFO">Clicking element 'id=square51'.</msg>
<status status="PASS" starttime="20211003 15:07:59.377" endtime="20211003 15:07:59.398"/>
</kw>
<kw name="Click Element" library="Selenium2Library">
<arg>id=square52</arg>
<doc>Click the element identified by ``locator``.</doc>
<msg timestamp="20211003 15:07:59.398" level="INFO">Clicking element 'id=square52'.</msg>
<status status="PASS" starttime="20211003 15:07:59.398" endtime="20211003 15:07:59.418"/>
</kw>
<kw name="Click Element" library="Selenium2Library">
<arg>id=square53</arg>
<doc>Click the element identified by ``locator``.</doc>
<msg timestamp="20211003 15:07:59.418" level="INFO">Clicking element 'id=square53'.</msg>
<status status="PASS" starttime="20211003 15:07:59.418" endtime="20211003 15:07:59.439"/>
</kw>
<kw name="Click Element" library="Selenium2Library">
<arg>id=square54</arg>
<doc>Click the element identified by ``locator``.</doc>
<msg timestamp="20211003 15:07:59.439" level="INFO">Clicking element 'id=square54'.</msg>
<status status="PASS" starttime="20211003 15:07:59.439" endtime="20211003 15:07:59.460"/>
</kw>
<kw name="Click Element" library="Selenium2Library">
<arg>id=square55</arg>
<doc>Click the element identified by ``locator``.</doc>
<msg timestamp="20211003 15:07:59.460" level="INFO">Clicking element 'id=square55'.</msg>
<status status="PASS" starttime="20211003 15:07:59.460" endtime="20211003 15:07:59.480"/>
</kw>
<kw name="Click Element" library="Selenium2Library">
<arg>id=square56</arg>
<doc>Click the element identified by ``locator``.</doc>
<msg timestamp="20211003 15:07:59.481" level="INFO">Clicking element 'id=square56'.</msg>
<status status="PASS" starttime="20211003 15:07:59.480" endtime="20211003 15:07:59.501"/>
</kw>
<kw name="Click Element" library="Selenium2Library">
<arg>id=square57</arg>
<doc>Click the element identified by ``locator``.</doc>
<msg timestamp="20211003 15:07:59.501" level="INFO">Clicking element 'id=square57'.</msg>
<status status="PASS" starttime="20211003 15:07:59.501" endtime="20211003 15:07:59.523"/>
</kw>
<kw name="Click Element" library="Selenium2Library">
<arg>id=square58</arg>
<doc>Click the element identified by ``locator``.</doc>
<msg timestamp="20211003 15:07:59.523" level="INFO">Clicking element 'id=square58'.</msg>
<status status="PASS" starttime="20211003 15:07:59.523" endtime="20211003 15:07:59.544"/>
</kw>
<kw name="Click Element" library="Selenium2Library">
<arg>id=square59</arg>
<doc>Click the element identified by ``locator``.</doc>
<msg timestamp="20211003 15:07:59.544" level="INFO">Clicking element 'id=square59'.</msg>
<status status="PASS" starttime="20211003 15:07:59.544" endtime="20211003 15:07:59.564"/>
</kw>
<kw name="Click Element" library="Selenium2Library">
<arg>id=square60</arg>
<doc>Click the element identified by ``locator``.</doc>
<msg timestamp="20211003 15:07:59.565" level="INFO">Clicking element 'id=square60'.</msg>
<status status="PASS" starttime="20211003 15:07:59.564" endtime="20211003 15:07:59.586"/>
</kw>
<kw name="Click Element" library="Selenium2Library">
<arg>id=square61</arg>
<doc>Click the element identified by ``locator``.</doc>
<msg timestamp="20211003 15:07:59.586" level="INFO">Clicking element 'id=square61'.</msg>
<status status="PASS" starttime="20211003 15:07:59.586" endtime="20211003 15:07:59.606"/>
</kw>
<kw name="Click Element" library="Selenium2Library">
<arg>id=square62</arg>
<doc>Click the element identified by ``locator``.</doc>
<msg timestamp="20211003 15:07:59.607" level="INFO">Clicking element 'id=square62'.</msg>
<status status="PASS" starttime="20211003 15:07:59.607" endtime="20211003 15:07:59.627"/>
</kw>
<kw name="Click Element" library="Selenium2Library">
<arg>id=square63</arg>
<doc>Click the element identified by ``locator``.</doc>
<msg timestamp="20211003 15:07:59.627" level="INFO">Clicking element 'id=square63'.</msg>
<status status="PASS" starttime="20211003 15:07:59.627" endtime="20211003 15:07:59.647"/>
</kw>
<kw name="Click Element" library="Selenium2Library">
<arg>id=square64</arg>
<doc>Click the element identified by ``locator``.</doc>
<msg timestamp="20211003 15:07:59.647" level="INFO">Clicking element 'id=square64'.</msg>
<status status="PASS" starttime="20211003 15:07:59.647" endtime="20211003 15:07:59.668"/>
</kw>
<kw name="Click Element" library="Selenium2Library">
<arg>id=square65</arg>
<doc>Click the element identified by ``locator``.</doc>
<msg timestamp="20211003 15:07:59.668" level="INFO">Clicking element 'id=square65'.</msg>
<status status="PASS" starttime="20211003 15:07:59.668" endtime="20211003 15:07:59.689"/>
</kw>
<kw name="Click Element" library="Selenium2Library">
<arg>id=square66</arg>
<doc>Click the element identified by ``locator``.</doc>
<msg timestamp="20211003 15:07:59.689" level="INFO">Clicking element 'id=square66'.</msg>
<status status="PASS" starttime="20211003 15:07:59.689" endtime="20211003 15:07:59.710"/>
</kw>
<kw name="Click Element" library="Selenium2Library">
<arg>id=square67</arg>
<doc>Click the element identified by ``locator``.</doc>
<msg timestamp="20211003 15:07:59.710" level="INFO">Clicking element 'id=square67'.</msg>
<status status="PASS" starttime="20211003 15:07:59.710" endtime="20211003 15:07:59.730"/>
</kw>
<kw name="Click Element" library="Selenium2Library">
<arg>id=square68</arg>
<doc>Click the element identified by ``locator``.</doc>
<msg timestamp="20211003 15:07:59.730" level="INFO">Clicking element 'id=square68'.</msg>
<status status="PASS" starttime="20211003 15:07:59.730" endtime="20211003 15:07:59.751"/>
</kw>
<kw name="Click Element" library="Selenium2Library">
<arg>id=square69</arg>
<doc>Click the element identified by ``locator``.</doc>
<msg timestamp="20211003 15:07:59.752" level="INFO">Clicking element 'id=square69'.</msg>
<status status="PASS" starttime="20211003 15:07:59.752" endtime="20211003 15:07:59.772"/>
</kw>
<kw name="Click Element" library="Selenium2Library">
<arg>id=square70</arg>
<doc>Click the element identified by ``locator``.</doc>
<msg timestamp="20211003 15:07:59.773" level="INFO">Clicking element 'id=square70'.</msg>
<status status="PASS" starttime="20211003 15:07:59.772" endtime="20211003 15:07:59.793"/>
</kw>
<kw name="Click Element" library="Selenium2Library">
<arg>id=square71</arg>
<doc>Click the element identified by ``locator``.</doc>
<msg timestamp="20211003 15:07:59.793" level="INFO">Clicking element 'id=square71'.</msg>
<status status="PASS" starttime="20211003 15:07:59.793" endtime="20211003 15:07:59.814"/>
</kw>
<kw name="Click Element" library="Selenium2Library">
<arg>id=square72</arg>
<doc>Click the element identified by ``locator``.</doc>
<msg timestamp="20211003 15:07:59.815" level="INFO">Clicking element 'id=square72'.</msg>
<status status="PASS" starttime="20211003 15:07:59.814" endtime="20211003 15:07:59.835"/>
</kw>
<kw name="Click Element" library="Selenium2Library">
<arg>id=square73</arg>
<doc>Click the element identified by ``locator``.</doc>
<msg timestamp="20211003 15:07:59.835" level="INFO">Clicking element 'id=square73'.</msg>
<status status="PASS" starttime="20211003 15:07:59.835" endtime="20211003 15:07:59.857"/>
</kw>
<kw name="Click Element" library="Selenium2Library">
<arg>id=square74</arg>
<doc>Click the element identified by ``locator``.</doc>
<msg timestamp="20211003 15:07:59.857" level="INFO">Clicking element 'id=square74'.</msg>
<status status="PASS" starttime="20211003 15:07:59.857" endtime="20211003 15:07:59.878"/>
</kw>
<kw name="Click Element" library="Selenium2Library">
<arg>id=square75</arg>
<doc>Click the element identified by ``locator``.</doc>
<msg timestamp="20211003 15:07:59.878" level="INFO">Clicking element 'id=square75'.</msg>
<status status="PASS" starttime="20211003 15:07:59.878" endtime="20211003 15:07:59.898"/>
</kw>
<kw name="Click Element" library="Selenium2Library">
<arg>id=square76</arg>
<doc>Click the element identified by ``locator``.</doc>
<msg timestamp="20211003 15:07:59.898" level="INFO">Clicking element 'id=square76'.</msg>
<status status="PASS" starttime="20211003 15:07:59.898" endtime="20211003 15:07:59.919"/>
</kw>
<kw name="Click Element" library="Selenium2Library">
<arg>id=square77</arg>
<doc>Click the element identified by ``locator``.</doc>
<msg timestamp="20211003 15:07:59.919" level="INFO">Clicking element 'id=square77'.</msg>
<status status="PASS" starttime="20211003 15:07:59.919" endtime="20211003 15:07:59.940"/>
</kw>
<kw name="Click Element" library="Selenium2Library">
<arg>id=square78</arg>
<doc>Click the element identified by ``locator``.</doc>
<msg timestamp="20211003 15:07:59.940" level="INFO">Clicking element 'id=square78'.</msg>
<status status="PASS" starttime="20211003 15:07:59.940" endtime="20211003 15:07:59.963"/>
</kw>
<kw name="Click Element" library="Selenium2Library">
<arg>id=square79</arg>
<doc>Click the element identified by ``locator``.</doc>
<msg timestamp="20211003 15:07:59.963" level="INFO">Clicking element 'id=square79'.</msg>
<status status="PASS" starttime="20211003 15:07:59.963" endtime="20211003 15:07:59.983"/>
</kw>
<kw name="Click Element" library="Selenium2Library">
<arg>id=square80</arg>
<doc>Click the element identified by ``locator``.</doc>
<msg timestamp="20211003 15:07:59.984" level="INFO">Clicking element 'id=square80'.</msg>
<status status="PASS" starttime="20211003 15:07:59.983" endtime="20211003 15:08:00.004"/>
</kw>
<kw name="Click Element" library="Selenium2Library">
<arg>id=square81</arg>
<doc>Click the element identified by ``locator``.</doc>
<msg timestamp="20211003 15:08:00.004" level="INFO">Clicking element 'id=square81'.</msg>
<status status="PASS" starttime="20211003 15:08:00.004" endtime="20211003 15:08:00.026"/>
</kw>
<kw name="Click Element" library="Selenium2Library">
<arg>id=square82</arg>
<doc>Click the element identified by ``locator``.</doc>
<msg timestamp="20211003 15:08:00.026" level="INFO">Clicking element 'id=square82'.</msg>
<status status="PASS" starttime="20211003 15:08:00.026" endtime="20211003 15:08:00.047"/>
</kw>
<kw name="Sleep" library="BuiltIn">
<arg>60</arg>
<doc>Pauses the test executed for the given time.</doc>
<msg timestamp="20211003 15:09:00.048" level="INFO">Slept 1 minute</msg>
<status status="PASS" starttime="20211003 15:08:00.047" endtime="20211003 15:09:00.048"/>
</kw>
<kw name="Close Browser" library="Selenium2Library">
<doc>Closes the current browser.</doc>
<status status="PASS" starttime="20211003 15:09:00.048" endtime="20211003 15:09:02.150"/>
</kw>
<status status="PASS" starttime="20211003 15:07:57.803" endtime="20211003 15:09:02.150"/>
</kw>
<status status="PASS" starttime="20211003 15:07:35.494" endtime="20211003 15:09:02.150"/>
</kw>
<status status="PASS" starttime="20211003 15:07:34.057" endtime="20211003 15:09:02.151"/>
</test>
<status status="PASS" starttime="20211003 15:07:33.949" endtime="20211003 15:09:02.152"/>
</suite>
<statistics>
<total>
<stat pass="1" fail="0" skip="0">All Tests</stat>
</total>
<tag>
</tag>
<suite>
<stat pass="1" fail="0" skip="0" id="s1" name="Test Dartboard">Test Dartboard</stat>
</suite>
</statistics>
<errors>
</errors>
</robot>
